7-17-2025 13:13:31 - log: Load engine in C:\ProgramData\cocos\editors\Creator\3.8.6\resources\resources\3d\engine
7-17-2025 13:13:34 - log: Register native engine in C:\ProgramData\cocos\editors\Creator\3.8.6\resources\resources\3d\engine\native
7-17-2025 13:13:35 - log: Request namespace: device-list
7-17-2025 13:13:47 - warn: Failed to connect to login server: getaddrinfo ENOTFOUND passport.cocos.com
7-17-2025 13:15:05 - info: [PreviewInEditor] preview process is ready
7-17-2025 13:15:22 - log: [Scene] meshopt wasm decoder initialized
7-17-2025 13:15:22 - log: [Scene] [bullet]:bullet wasm lib loaded.
7-17-2025 13:15:22 - log: [Scene] [box2d]:box2d wasm lib loaded.
7-17-2025 13:15:22 - log: [Scene] [PHYSICS]: using builtin.
7-17-2025 13:15:23 - log: [Scene] Cocos Creator v3.8.6
7-17-2025 13:15:27 - log: [Scene] Using custom pipeline: Builtin
7-17-2025 13:15:27 - log: [Scene] [PHYSICS2D]: switch from box2d-wasm to box2d.
7-17-2025 13:16:35 - error: msg not exist!Error: msg not exist!
    at C:\ProgramData\cocos\editors\Creator\3.8.6\resources\app.asar\extension\cocos-service\service\pages\index.js:1:21575
    at new Promise (<anonymous>)
    at Object.pluginMsg (C:\ProgramData\cocos\editors\Creator\3.8.6\resources\app.asar\extension\cocos-service\service\pages\index.js:1:21460)
    at C:\ProgramData\cocos\editors\Creator\3.8.6\resources\app.asar\node_modules\@editor\panel\lib\element.ccc:1:5083
    at new Promise (<anonymous>)
    at EventEmitter.<anonymous> (C:\ProgramData\cocos\editors\Creator\3.8.6\resources\app.asar\node_modules\@editor\panel\lib\element.ccc:1:5044)
    at EventEmitter.emit (node:events:519:28)
    at IpcRenderer.<anonymous> (C:\ProgramData\cocos\editors\Creator\3.8.6\resources\app.asar\node_modules\@base\electron-base-ipc\dist\renderer.ccc:1:3858)
    at IpcRenderer.emit (node:events:519:28)
    at Object.onMessage (node:electron/js2c/renderer_init:2:8837)
