7-17-2025 13:13:46-debug: start **** info
7-17-2025 13:13:47-log: Cannot access game frame or container.
7-17-2025 13:13:48-debug: asset-db:require-engine-code (2283ms)
7-17-2025 13:13:48-log: meshopt wasm decoder initialized
7-17-2025 13:13:48-log: [bullet]:bullet wasm lib loaded.
7-17-2025 13:13:48-log: [box2d]:box2d wasm lib loaded.
7-17-2025 13:13:48-log: Cocos Creator v3.8.6
7-17-2025 13:13:48-debug: [Assets Memory track]: asset-db:worker-init: initEngine start:28.44MB, end 79.93MB, increase: 51.49MB
7-17-2025 13:13:48-log: Using legacy pipeline
7-17-2025 13:13:48-debug: [Assets Memory track]: asset-db-plugin-register: programming start:80.79MB, end 83.79MB, increase: 3.00MB
7-17-2025 13:13:53-debug: [Assets Memory track]: asset-db-plugin-register: builder start:83.84MB, end 224.56MB, increase: 140.72MB
7-17-2025 13:13:48-log: Forward render pipeline initialized.
7-17-2025 13:13:53-debug: [Assets Memory track]: asset-db-plugin-register: project start:80.64MB, end 228.13MB, increase: 147.48MB
7-17-2025 13:13:53-debug: [Assets Memory track]: asset-db-plugin-register: engine-extends start:224.81MB, end 227.93MB, increase: 3.12MB
7-17-2025 13:13:53-debug: [Assets Memory track]: asset-db:worker-init: initPlugin start:79.95MB, end 228.16MB, increase: 148.21MB
7-17-2025 13:13:53-debug: asset-db:worker-init: initPlugin (4812ms)
7-17-2025 13:13:53-debug: Run asset db hook programming:beforePreStart ...
7-17-2025 13:13:53-debug: [Assets Memory track]: asset-db:worker-init start:28.17MB, end 228.27MB, increase: 200.09MB
7-17-2025 13:13:53-debug: Run asset db hook programming:beforePreStart success!
7-17-2025 13:13:53-debug: Run asset db hook engine-extends:beforePreStart ...
7-17-2025 13:13:53-debug: Run asset db hook engine-extends:beforePreStart success!
7-17-2025 13:14:00-debug: asset-db:worker-init (14146ms)
7-17-2025 13:14:00-debug: asset-db-hook-programming-beforePreStart (6753ms)
7-17-2025 13:14:00-debug: asset-db-hook-engine-extends-beforePreStart (6753ms)
7-17-2025 13:14:04-debug: Preimport db internal success
7-17-2025 13:14:05-debug: Preimport db assets success
7-17-2025 13:14:05-debug: Run asset db hook programming:afterPreStart ...
7-17-2025 13:14:05-debug: starting packer-driver...
7-17-2025 13:15:17-debug: initialize scripting environment...
7-17-2025 13:15:17-debug: [[Executor]] prepare before lock
7-17-2025 13:15:17-debug: Set detail map pack:///resolution-detail-map.json: {}
7-17-2025 13:15:17-debug: [[Executor]] prepare after unlock
7-17-2025 13:15:17-debug: Run asset db hook programming:afterPreStart success!
7-17-2025 13:15:17-debug: Start up the 'internal' database...
7-17-2025 13:15:17-debug: Run asset db hook engine-extends:afterPreStart ...
7-17-2025 13:15:17-debug: Run asset db hook engine-extends:afterPreStart success!
7-17-2025 13:15:19-debug: asset-db-hook-programming-afterPreStart (73956ms)
7-17-2025 13:15:19-debug: asset-db-hook-engine-extends-afterPreStart (2295ms)
7-17-2025 13:15:19-debug: asset-db:worker-effect-data-processing (2294ms)
7-17-2025 13:15:19-debug: Start up the 'assets' database...
7-17-2025 13:15:20-debug: asset-db:worker-startup-database[internal] (86786ms)
7-17-2025 13:15:20-debug: [Assets Memory track]: asset-db:worker-init: startup start:174.14MB, end 193.67MB, increase: 19.53MB
7-17-2025 13:15:20-debug: lazy register asset handler directory
7-17-2025 13:15:20-debug: lazy register asset handler text
7-17-2025 13:15:20-debug: lazy register asset handler *
7-17-2025 13:15:20-debug: lazy register asset handler json
7-17-2025 13:15:20-debug: lazy register asset handler spine-data
7-17-2025 13:15:20-debug: lazy register asset handler dragonbones
7-17-2025 13:15:20-debug: lazy register asset handler terrain
7-17-2025 13:15:20-debug: lazy register asset handler dragonbones-atlas
7-17-2025 13:15:20-debug: lazy register asset handler javascript
7-17-2025 13:15:20-debug: lazy register asset handler typescript
7-17-2025 13:15:20-debug: lazy register asset handler scene
7-17-2025 13:15:20-debug: lazy register asset handler prefab
7-17-2025 13:15:20-debug: lazy register asset handler sprite-frame
7-17-2025 13:15:20-debug: lazy register asset handler buffer
7-17-2025 13:15:20-debug: lazy register asset handler image
7-17-2025 13:15:20-debug: lazy register asset handler sign-image
7-17-2025 13:15:20-debug: lazy register asset handler alpha-image
7-17-2025 13:15:20-debug: lazy register asset handler texture
7-17-2025 13:15:20-debug: lazy register asset handler texture-cube
7-17-2025 13:15:20-debug: lazy register asset handler erp-texture-cube
7-17-2025 13:15:20-debug: lazy register asset handler render-texture
7-17-2025 13:15:20-debug: lazy register asset handler texture-cube-face
7-17-2025 13:15:20-debug: lazy register asset handler rt-sprite-frame
7-17-2025 13:15:20-debug: lazy register asset handler gltf
7-17-2025 13:15:20-debug: lazy register asset handler gltf-mesh
7-17-2025 13:15:20-debug: lazy register asset handler gltf-animation
7-17-2025 13:15:20-debug: lazy register asset handler gltf-skeleton
7-17-2025 13:15:20-debug: lazy register asset handler gltf-material
7-17-2025 13:15:20-debug: lazy register asset handler gltf-scene
7-17-2025 13:15:20-debug: lazy register asset handler gltf-embeded-image
7-17-2025 13:15:20-debug: lazy register asset handler fbx
7-17-2025 13:15:20-debug: lazy register asset handler material
7-17-2025 13:15:20-debug: lazy register asset handler physics-material
7-17-2025 13:15:20-debug: lazy register asset handler effect
7-17-2025 13:15:20-debug: lazy register asset handler effect-header
7-17-2025 13:15:20-debug: lazy register asset handler audio-clip
7-17-2025 13:15:20-debug: lazy register asset handler animation-clip
7-17-2025 13:15:20-debug: lazy register asset handler animation-graph
7-17-2025 13:15:20-debug: lazy register asset handler animation-graph-variant
7-17-2025 13:15:20-debug: lazy register asset handler animation-mask
7-17-2025 13:15:20-debug: lazy register asset handler ttf-font
7-17-2025 13:15:20-debug: lazy register asset handler bitmap-font
7-17-2025 13:15:20-debug: lazy register asset handler particle
7-17-2025 13:15:20-debug: lazy register asset handler sprite-atlas
7-17-2025 13:15:20-debug: lazy register asset handler auto-atlas
7-17-2025 13:15:20-debug: lazy register asset handler label-atlas
7-17-2025 13:15:20-debug: lazy register asset handler render-pipeline
7-17-2025 13:15:20-debug: lazy register asset handler render-stage
7-17-2025 13:15:20-debug: lazy register asset handler render-flow
7-17-2025 13:15:20-debug: lazy register asset handler instantiation-material
7-17-2025 13:15:20-debug: lazy register asset handler instantiation-mesh
7-17-2025 13:15:20-debug: lazy register asset handler instantiation-skeleton
7-17-2025 13:15:20-debug: lazy register asset handler video-clip
7-17-2025 13:15:20-debug: lazy register asset handler instantiation-animation
7-17-2025 13:15:20-debug: lazy register asset handler tiled-map
7-17-2025 13:15:20-debug: asset-db:start-database (87369ms)
7-17-2025 13:15:20-debug: asset-db:worker-startup-database[assets] (76441ms)
7-17-2025 13:15:20-debug: asset-db:ready (104497ms)
7-17-2025 13:15:20-debug: fix the bug of updateDefaultUserData
7-17-2025 13:15:20-debug: init worker message success
7-17-2025 13:15:20-debug: programming:execute-script (15ms)
7-17-2025 13:15:22-debug: [Build Memory track]: builder:worker-init start:190.33MB, end 204.33MB, increase: 14.00MB
7-17-2025 13:15:22-debug: builder:worker-init (1155ms)
7-17-2025 13:54:53-debug: refresh db internal success
7-17-2025 13:54:54-debug: refresh db assets success
7-17-2025 13:54:54-debug: Run asset db hook engine-extends:afterRefresh ...
7-17-2025 13:54:54-debug: Run asset db hook engine-extends:afterRefresh success!
7-17-2025 13:54:54-debug: asset-db:refresh-all-database (1038ms)
7-17-2025 13:54:54-debug: asset-db:worker-effect-data-processing (18ms)
7-17-2025 13:54:54-debug: asset-db-hook-engine-extends-afterRefresh (26ms)
7-17-2025 13:55:07-debug: refresh db internal success
7-17-2025 13:55:07-debug: refresh db assets success
7-17-2025 13:55:07-debug: Run asset db hook engine-extends:afterRefresh ...
7-17-2025 13:55:07-debug: Run asset db hook engine-extends:afterRefresh success!
7-17-2025 13:55:07-debug: asset-db:refresh-all-database (618ms)
7-17-2025 13:55:07-debug: asset-db:worker-effect-data-processing (2ms)
7-17-2025 13:55:07-debug: asset-db-hook-engine-extends-afterRefresh (4ms)
