13:15:15.574 debug: 7/17/2025, 1:15:15 PM
13:15:15.575 debug: Project: C:\Users\User\Documents\CocosGame\CoCos-Game-Login\login
13:15:15.575 debug: Targets: editor,preview
13:15:15.594 debug: Incremental file seems great.
13:15:15.596 debug: Engine path: C:\ProgramData\cocos\editors\Creator\3.8.6\resources\resources\3d\engine
13:15:15.657 debug: Initializing target [Editor]
13:15:15.658 debug: Loading cache
13:15:15.706 debug: Loading cache costs 42.896999999997206ms.
13:15:15.707 debug: Engine features shipped in editor: base,gfx-webgl,gfx-webgl2,gfx-empty,gfx-webgpu,3d,animation,skeletal-animation,2d,rich-text,mask,graphics,ui-skew,ui,affine-transform,particle,particle-2d,physics-framework,physics-cannon,physics-physx,physics-ammo,physics-builtin,physics-2d-framework,physics-2d-box2d-jsb,physics-2d-box2d,physics-2d-builtin,physics-2d-box2d-wasm,intersection-2d,primitive,profiler,occlusion-query,geometry-renderer,debug-renderer,audio,video,xr,light-probe,terrain,webview,tween,tiled-map,vendor-google,spine-3.8,spine-4.2,dragon-bones,marionette,procedural-animation,custom-pipeline,custom-pipeline-builtin-scripts,custom-pipeline-post-process,legacy-pipeline,websocket,websocket-server,meshopt
13:15:15.726 debug: Our import map(foo:/bar): {
  "imports": {
    "cc": "cce:/internal/x/cc"
  }
}
13:15:15.727 debug: Initializing target [Preview]
13:15:15.748 debug: Loading cache
13:15:15.793 debug: Loading cache costs 45.20709999999963ms.
13:15:15.794 debug: Our import map(foo:/bar): {
  "imports": {
    "cc": "cce:/internal/x/cc"
  }
}
13:15:16.007 debug: Sync engine features: 2d,affine-transform,animation,audio,base,custom-pipeline,dragon-bones,gfx-webgl,gfx-webgl2,graphics,intersection-2d,mask,particle-2d,physics-2d-box2d,profiler,rich-text,spine-3.8,tiled-map,tween,ui,video,webview,custom-pipeline
13:15:16.013 debug: Reset databases. Enumerated domains: [
  {
    "root": "db://internal/",
    "physical": "C:\\ProgramData\\cocos\\editors\\Creator\\3.8.6\\resources\\resources\\3d\\engine\\editor\\assets"
  },
  {
    "root": "db://assets/",
    "physical": "C:\\Users\\User\\Documents\\CocosGame\\CoCos-Game-Login\\login\\assets"
  }
]
13:15:16.014 debug: Our import map(foo:/bar): {
  "imports": {
    "cc": "cce:/internal/x/cc",
    "db://internal/": "file:///C:/ProgramData/cocos/editors/Creator/3.8.6/resources/resources/3d/engine/editor/assets/",
    "db://assets/": "file:///C:/Users/User/Documents/CocosGame/CoCos-Game-Login/login/assets/"
  }
}
13:15:16.018 debug: Our import map(foo:/bar): {
  "imports": {
    "cc": "cce:/internal/x/cc",
    "db://internal/": "file:///C:/ProgramData/cocos/editors/Creator/3.8.6/resources/resources/3d/engine/editor/assets/",
    "db://assets/": "file:///C:/Users/User/Documents/CocosGame/CoCos-Game-Login/login/assets/"
  }
}
13:15:16.023 debug: Pulling asset-db.
13:15:16.068 debug: Fetch asset-db cost: 44.26039999999921ms.
13:15:16.075 debug: Build iteration starts.
Number of accumulated asset changes: 26
Feature changed: false
13:15:16.076 debug: Target(editor) build started.
13:15:16.092 debug: Detected change: cce:/internal/x/cc. Last mtime: Thu Jan 01 1970 05:30:17 GMT+0530 (India Standard Time), Current mtime: Thu Jan 01 1970 05:31:41 GMT+0530 (India Standard Time)
13:15:16.092 debug: Inspect cce:/internal/x/cc
13:15:16.283 debug: transform url: 'cce:/internal/x/cc' costs: 190.20 ms
13:15:16.295 debug: Resolve cce:/internal/x/cc-fu/base from cce:/internal/x/cc as external dependency cce:/internal/x/cc-fu/base.
13:15:16.296 debug: Resolve cce:/internal/x/cc-fu/gfx-webgl from cce:/internal/x/cc as external dependency cce:/internal/x/cc-fu/gfx-webgl.
13:15:16.296 debug: Resolve cce:/internal/x/cc-fu/gfx-webgl2 from cce:/internal/x/cc as external dependency cce:/internal/x/cc-fu/gfx-webgl2.
13:15:16.296 debug: Resolve cce:/internal/x/cc-fu/gfx-empty from cce:/internal/x/cc as external dependency cce:/internal/x/cc-fu/gfx-empty.
13:15:16.297 debug: Resolve cce:/internal/x/cc-fu/gfx-webgpu from cce:/internal/x/cc as external dependency cce:/internal/x/cc-fu/gfx-webgpu.
13:15:16.297 debug: Resolve cce:/internal/x/cc-fu/3d from cce:/internal/x/cc as external dependency cce:/internal/x/cc-fu/3d.
13:15:16.297 debug: Resolve cce:/internal/x/cc-fu/animation from cce:/internal/x/cc as external dependency cce:/internal/x/cc-fu/animation.
13:15:16.297 debug: Resolve cce:/internal/x/cc-fu/skeletal-animation from cce:/internal/x/cc as external dependency cce:/internal/x/cc-fu/skeletal-animation.
13:15:16.297 debug: Resolve cce:/internal/x/cc-fu/2d from cce:/internal/x/cc as external dependency cce:/internal/x/cc-fu/2d.
13:15:16.297 debug: Resolve cce:/internal/x/cc-fu/sorting from cce:/internal/x/cc as external dependency cce:/internal/x/cc-fu/sorting.
13:15:16.297 debug: Resolve cce:/internal/x/cc-fu/rich-text from cce:/internal/x/cc as external dependency cce:/internal/x/cc-fu/rich-text.
13:15:16.297 debug: Resolve cce:/internal/x/cc-fu/mask from cce:/internal/x/cc as external dependency cce:/internal/x/cc-fu/mask.
13:15:16.297 debug: Resolve cce:/internal/x/cc-fu/graphics from cce:/internal/x/cc as external dependency cce:/internal/x/cc-fu/graphics.
13:15:16.297 debug: Resolve cce:/internal/x/cc-fu/ui-skew from cce:/internal/x/cc as external dependency cce:/internal/x/cc-fu/ui-skew.
13:15:16.297 debug: Resolve cce:/internal/x/cc-fu/ui from cce:/internal/x/cc as external dependency cce:/internal/x/cc-fu/ui.
13:15:16.297 debug: Resolve cce:/internal/x/cc-fu/affine-transform from cce:/internal/x/cc as external dependency cce:/internal/x/cc-fu/affine-transform.
13:15:16.297 debug: Resolve cce:/internal/x/cc-fu/particle from cce:/internal/x/cc as external dependency cce:/internal/x/cc-fu/particle.
13:15:16.297 debug: Resolve cce:/internal/x/cc-fu/particle-2d from cce:/internal/x/cc as external dependency cce:/internal/x/cc-fu/particle-2d.
13:15:16.297 debug: Resolve cce:/internal/x/cc-fu/physics-framework from cce:/internal/x/cc as external dependency cce:/internal/x/cc-fu/physics-framework.
13:15:16.297 debug: Resolve cce:/internal/x/cc-fu/physics-cannon from cce:/internal/x/cc as external dependency cce:/internal/x/cc-fu/physics-cannon.
13:15:16.298 debug: Resolve cce:/internal/x/cc-fu/physics-physx from cce:/internal/x/cc as external dependency cce:/internal/x/cc-fu/physics-physx.
13:15:16.298 debug: Resolve cce:/internal/x/cc-fu/physics-ammo from cce:/internal/x/cc as external dependency cce:/internal/x/cc-fu/physics-ammo.
13:15:16.298 debug: Resolve cce:/internal/x/cc-fu/physics-builtin from cce:/internal/x/cc as external dependency cce:/internal/x/cc-fu/physics-builtin.
13:15:16.298 debug: Resolve cce:/internal/x/cc-fu/physics-2d-framework from cce:/internal/x/cc as external dependency cce:/internal/x/cc-fu/physics-2d-framework.
13:15:16.298 debug: Resolve cce:/internal/x/cc-fu/physics-2d-box2d-jsb from cce:/internal/x/cc as external dependency cce:/internal/x/cc-fu/physics-2d-box2d-jsb.
13:15:16.298 debug: Resolve cce:/internal/x/cc-fu/physics-2d-box2d from cce:/internal/x/cc as external dependency cce:/internal/x/cc-fu/physics-2d-box2d.
13:15:16.298 debug: Resolve cce:/internal/x/cc-fu/physics-2d-builtin from cce:/internal/x/cc as external dependency cce:/internal/x/cc-fu/physics-2d-builtin.
13:15:16.298 debug: Resolve cce:/internal/x/cc-fu/physics-2d-box2d-wasm from cce:/internal/x/cc as external dependency cce:/internal/x/cc-fu/physics-2d-box2d-wasm.
13:15:16.298 debug: Resolve cce:/internal/x/cc-fu/intersection-2d from cce:/internal/x/cc as external dependency cce:/internal/x/cc-fu/intersection-2d.
13:15:16.298 debug: Resolve cce:/internal/x/cc-fu/primitive from cce:/internal/x/cc as external dependency cce:/internal/x/cc-fu/primitive.
13:15:16.298 debug: Resolve cce:/internal/x/cc-fu/profiler from cce:/internal/x/cc as external dependency cce:/internal/x/cc-fu/profiler.
13:15:16.298 debug: Resolve cce:/internal/x/cc-fu/geometry-renderer from cce:/internal/x/cc as external dependency cce:/internal/x/cc-fu/geometry-renderer.
13:15:16.298 debug: Resolve cce:/internal/x/cc-fu/audio from cce:/internal/x/cc as external dependency cce:/internal/x/cc-fu/audio.
13:15:16.298 debug: Resolve cce:/internal/x/cc-fu/video from cce:/internal/x/cc as external dependency cce:/internal/x/cc-fu/video.
13:15:16.298 debug: Resolve cce:/internal/x/cc-fu/xr from cce:/internal/x/cc as external dependency cce:/internal/x/cc-fu/xr.
13:15:16.299 debug: Resolve cce:/internal/x/cc-fu/light-probe from cce:/internal/x/cc as external dependency cce:/internal/x/cc-fu/light-probe.
13:15:16.299 debug: Resolve cce:/internal/x/cc-fu/terrain from cce:/internal/x/cc as external dependency cce:/internal/x/cc-fu/terrain.
13:15:16.299 debug: Resolve cce:/internal/x/cc-fu/webview from cce:/internal/x/cc as external dependency cce:/internal/x/cc-fu/webview.
13:15:16.299 debug: Resolve cce:/internal/x/cc-fu/tween from cce:/internal/x/cc as external dependency cce:/internal/x/cc-fu/tween.
13:15:16.299 debug: Resolve cce:/internal/x/cc-fu/tiled-map from cce:/internal/x/cc as external dependency cce:/internal/x/cc-fu/tiled-map.
13:15:16.299 debug: Resolve cce:/internal/x/cc-fu/vendor-google from cce:/internal/x/cc as external dependency cce:/internal/x/cc-fu/vendor-google.
13:15:16.299 debug: Resolve cce:/internal/x/cc-fu/spine from cce:/internal/x/cc as external dependency cce:/internal/x/cc-fu/spine.
13:15:16.299 debug: Resolve cce:/internal/x/cc-fu/dragon-bones from cce:/internal/x/cc as external dependency cce:/internal/x/cc-fu/dragon-bones.
13:15:16.299 debug: Resolve cce:/internal/x/cc-fu/custom-pipeline from cce:/internal/x/cc as external dependency cce:/internal/x/cc-fu/custom-pipeline.
13:15:16.299 debug: Resolve cce:/internal/x/cc-fu/custom-pipeline-post-process from cce:/internal/x/cc as external dependency cce:/internal/x/cc-fu/custom-pipeline-post-process.
13:15:16.299 debug: Resolve cce:/internal/x/cc-fu/legacy-pipeline from cce:/internal/x/cc as external dependency cce:/internal/x/cc-fu/legacy-pipeline.
13:15:16.300 debug: Detected change: cce:/internal/x/prerequisite-imports. Last mtime: Fri Jan 02 1970 00:39:45 GMT+0530 (India Standard Time), Current mtime: Thu Jan 01 1970 05:31:41 GMT+0530 (India Standard Time)
13:15:16.300 debug: Inspect cce:/internal/x/prerequisite-imports
13:15:16.352 debug: transform url: 'cce:/internal/x/prerequisite-imports' costs: 51.90 ms
13:15:16.359 debug: Resolve file:///C:/ProgramData/cocos/editors/Creator/3.8.6/resources/resources/3d/engine/editor/assets/default_renderpipeline/builtin-dof-pass.ts from cce:/internal/x/prerequisite-imports as file:///C:/ProgramData/cocos/editors/Creator/3.8.6/resources/resources/3d/engine/editor/assets/default_renderpipeline/builtin-dof-pass.ts.
13:15:16.363 debug: Resolve file:///C:/ProgramData/cocos/editors/Creator/3.8.6/resources/resources/3d/engine/editor/assets/default_renderpipeline/builtin-pipeline-pass.ts from cce:/internal/x/prerequisite-imports as file:///C:/ProgramData/cocos/editors/Creator/3.8.6/resources/resources/3d/engine/editor/assets/default_renderpipeline/builtin-pipeline-pass.ts.
13:15:16.364 debug: Resolve file:///C:/ProgramData/cocos/editors/Creator/3.8.6/resources/resources/3d/engine/editor/assets/default_renderpipeline/builtin-pipeline-settings.ts from cce:/internal/x/prerequisite-imports as file:///C:/ProgramData/cocos/editors/Creator/3.8.6/resources/resources/3d/engine/editor/assets/default_renderpipeline/builtin-pipeline-settings.ts.
13:15:16.365 debug: Resolve file:///C:/ProgramData/cocos/editors/Creator/3.8.6/resources/resources/3d/engine/editor/assets/default_renderpipeline/builtin-pipeline-types.ts from cce:/internal/x/prerequisite-imports as file:///C:/ProgramData/cocos/editors/Creator/3.8.6/resources/resources/3d/engine/editor/assets/default_renderpipeline/builtin-pipeline-types.ts.
13:15:16.366 debug: Resolve file:///C:/ProgramData/cocos/editors/Creator/3.8.6/resources/resources/3d/engine/editor/assets/default_renderpipeline/builtin-pipeline.ts from cce:/internal/x/prerequisite-imports as file:///C:/ProgramData/cocos/editors/Creator/3.8.6/resources/resources/3d/engine/editor/assets/default_renderpipeline/builtin-pipeline.ts.
13:15:16.374 debug: Resolve file:///C:/ProgramData/cocos/editors/Creator/3.8.6/resources/resources/3d/engine/editor/assets/tools/debug-view-runtime-control.ts from cce:/internal/x/prerequisite-imports as file:///C:/ProgramData/cocos/editors/Creator/3.8.6/resources/resources/3d/engine/editor/assets/tools/debug-view-runtime-control.ts.
13:15:16.376 debug: Resolve file:///C:/Users/User/Documents/CocosGame/CoCos-Game-Login/login/assets/Script/hallClient.ts from cce:/internal/x/prerequisite-imports as file:///C:/Users/User/Documents/CocosGame/CoCos-Game-Login/login/assets/Script/hallClient.ts.
13:15:16.377 debug: Resolve file:///C:/Users/User/Documents/CocosGame/CoCos-Game-Login/login/assets/Script/hallSceneMgr.ts from cce:/internal/x/prerequisite-imports as file:///C:/Users/User/Documents/CocosGame/CoCos-Game-Login/login/assets/Script/hallSceneMgr.ts.
13:15:16.378 debug: Resolve file:///C:/Users/User/Documents/CocosGame/CoCos-Game-Login/login/assets/Script/loginClient.ts from cce:/internal/x/prerequisite-imports as file:///C:/Users/User/Documents/CocosGame/CoCos-Game-Login/login/assets/Script/loginClient.ts.
13:15:16.378 debug: Resolve file:///C:/Users/User/Documents/CocosGame/CoCos-Game-Login/login/assets/Script/loginScearnMgr.ts from cce:/internal/x/prerequisite-imports as file:///C:/Users/User/Documents/CocosGame/CoCos-Game-Login/login/assets/Script/loginScearnMgr.ts.
13:15:16.379 debug: Resolve file:///C:/Users/User/Documents/CocosGame/CoCos-Game-Login/login/assets/Script/main.ts from cce:/internal/x/prerequisite-imports as file:///C:/Users/User/Documents/CocosGame/CoCos-Game-Login/login/assets/Script/main.ts.
13:15:16.380 debug: Resolve file:///C:/Users/User/Documents/CocosGame/CoCos-Game-Login/login/assets/Script/signUp.ts from cce:/internal/x/prerequisite-imports as file:///C:/Users/User/Documents/CocosGame/CoCos-Game-Login/login/assets/Script/signUp.ts.
13:15:16.381 debug: Resolve file:///C:/Users/User/Documents/CocosGame/CoCos-Game-Login/login/assets/Script/userInfo.ts from cce:/internal/x/prerequisite-imports as file:///C:/Users/User/Documents/CocosGame/CoCos-Game-Login/login/assets/Script/userInfo.ts.
13:15:16.381 debug: Resolve file:///C:/Users/User/Documents/CocosGame/CoCos-Game-Login/login/assets/Script/webSocket/WebSocketManager.ts from cce:/internal/x/prerequisite-imports as file:///C:/Users/User/Documents/CocosGame/CoCos-Game-Login/login/assets/Script/webSocket/WebSocketManager.ts.
13:15:16.382 debug: Resolve file:///C:/Users/User/Documents/CocosGame/CoCos-Game-Login/login/assets/Script/webSocket/WebSocketUsageExample.ts from cce:/internal/x/prerequisite-imports as file:///C:/Users/User/Documents/CocosGame/CoCos-Game-Login/login/assets/Script/webSocket/WebSocketUsageExample.ts.
13:15:16.383 debug: Resolve file:///C:/Users/User/Documents/CocosGame/CoCos-Game-Login/login/assets/scripts/controllers/BombController.ts from cce:/internal/x/prerequisite-imports as file:///C:/Users/User/Documents/CocosGame/CoCos-Game-Login/login/assets/scripts/controllers/BombController.ts.
13:15:16.384 debug: Resolve file:///C:/Users/User/Documents/CocosGame/CoCos-Game-Login/login/assets/scripts/controllers/BombExplosion.ts from cce:/internal/x/prerequisite-imports as file:///C:/Users/User/Documents/CocosGame/CoCos-Game-Login/login/assets/scripts/controllers/BombExplosion.ts.
13:15:16.386 debug: Resolve file:///C:/Users/User/Documents/CocosGame/CoCos-Game-Login/login/assets/scripts/controllers/CoinController.ts from cce:/internal/x/prerequisite-imports as file:///C:/Users/User/Documents/CocosGame/CoCos-Game-Login/login/assets/scripts/controllers/CoinController.ts.
13:15:16.388 debug: Resolve file:///C:/Users/User/Documents/CocosGame/CoCos-Game-Login/login/assets/scripts/controllers/HazardController.ts from cce:/internal/x/prerequisite-imports as file:///C:/Users/User/Documents/CocosGame/CoCos-Game-Login/login/assets/scripts/controllers/HazardController.ts.
13:15:16.389 debug: Resolve file:///C:/Users/User/Documents/CocosGame/CoCos-Game-Login/login/assets/scripts/controllers/JumperController.ts from cce:/internal/x/prerequisite-imports as file:///C:/Users/User/Documents/CocosGame/CoCos-Game-Login/login/assets/scripts/controllers/JumperController.ts.
13:15:16.390 debug: Resolve file:///C:/Users/User/Documents/CocosGame/CoCos-Game-Login/login/assets/scripts/controllers/LevelGoalController.ts from cce:/internal/x/prerequisite-imports as file:///C:/Users/User/Documents/CocosGame/CoCos-Game-Login/login/assets/scripts/controllers/LevelGoalController.ts.
13:15:16.391 debug: Resolve file:///C:/Users/User/Documents/CocosGame/CoCos-Game-Login/login/assets/scripts/controllers/MainMenu.ts from cce:/internal/x/prerequisite-imports as file:///C:/Users/User/Documents/CocosGame/CoCos-Game-Login/login/assets/scripts/controllers/MainMenu.ts.
13:15:16.392 debug: Resolve file:///C:/Users/User/Documents/CocosGame/CoCos-Game-Login/login/assets/scripts/controllers/PlayerController.ts from cce:/internal/x/prerequisite-imports as file:///C:/Users/User/Documents/CocosGame/CoCos-Game-Login/login/assets/scripts/controllers/PlayerController.ts.
13:15:16.392 debug: Resolve file:///C:/Users/User/Documents/CocosGame/CoCos-Game-Login/login/assets/scripts/managers/GameManager.ts from cce:/internal/x/prerequisite-imports as file:///C:/Users/User/Documents/CocosGame/CoCos-Game-Login/login/assets/scripts/managers/GameManager.ts.
13:15:16.393 debug: Resolve file:///C:/Users/User/Documents/CocosGame/CoCos-Game-Login/login/assets/scripts/managers/ScoreManager.ts from cce:/internal/x/prerequisite-imports as file:///C:/Users/User/Documents/CocosGame/CoCos-Game-Login/login/assets/scripts/managers/ScoreManager.ts.
13:15:16.394 debug: Resolve file:///C:/Users/User/Documents/CocosGame/CoCos-Game-Login/login/assets/scripts/ui/GameOverUI.ts from cce:/internal/x/prerequisite-imports as file:///C:/Users/User/Documents/CocosGame/CoCos-Game-Login/login/assets/scripts/ui/GameOverUI.ts.
13:15:16.395 debug: Resolve cce:/internal/code-quality/cr.mjs from file:///C:/ProgramData/cocos/editors/Creator/3.8.6/resources/resources/3d/engine/editor/assets/default_renderpipeline/builtin-dof-pass.ts as cce:/internal/code-quality/cr.mjs.
13:15:16.395 debug: Detected change: cce:/internal/code-quality/cr.mjs. Last mtime: Wed Jul 16 2025 16:51:12 GMT+0530 (India Standard Time), Current mtime: Thu Jul 17 2025 13:13:34 GMT+0530 (India Standard Time)
13:15:16.395 debug: Inspect cce:/internal/code-quality/cr.mjs
13:15:16.428 debug: transform url: 'cce:/internal/code-quality/cr.mjs' costs: 32.60 ms
13:15:16.442 debug: Resolve cc from file:///C:/ProgramData/cocos/editors/Creator/3.8.6/resources/resources/3d/engine/editor/assets/default_renderpipeline/builtin-dof-pass.ts as cce:/internal/x/cc.
13:15:16.443 debug: Resolve cc from file:///C:/ProgramData/cocos/editors/Creator/3.8.6/resources/resources/3d/engine/editor/assets/default_renderpipeline/builtin-dof-pass.ts as cce:/internal/x/cc.
13:15:16.443 debug: Resolve cc from file:///C:/ProgramData/cocos/editors/Creator/3.8.6/resources/resources/3d/engine/editor/assets/default_renderpipeline/builtin-dof-pass.ts as cce:/internal/x/cc.
13:15:16.443 debug: Resolve cc/env from file:///C:/ProgramData/cocos/editors/Creator/3.8.6/resources/resources/3d/engine/editor/assets/default_renderpipeline/builtin-dof-pass.ts as external dependency cc/env.
13:15:16.444 debug: Resolve ./builtin-pipeline-settings from file:///C:/ProgramData/cocos/editors/Creator/3.8.6/resources/resources/3d/engine/editor/assets/default_renderpipeline/builtin-dof-pass.ts as file:///C:/ProgramData/cocos/editors/Creator/3.8.6/resources/resources/3d/engine/editor/assets/default_renderpipeline/builtin-pipeline-settings.ts.
13:15:16.447 debug: Resolve ./builtin-pipeline-pass from file:///C:/ProgramData/cocos/editors/Creator/3.8.6/resources/resources/3d/engine/editor/assets/default_renderpipeline/builtin-dof-pass.ts as file:///C:/ProgramData/cocos/editors/Creator/3.8.6/resources/resources/3d/engine/editor/assets/default_renderpipeline/builtin-pipeline-pass.ts.
13:15:16.450 debug: Resolve ./builtin-pipeline from file:///C:/ProgramData/cocos/editors/Creator/3.8.6/resources/resources/3d/engine/editor/assets/default_renderpipeline/builtin-dof-pass.ts as file:///C:/ProgramData/cocos/editors/Creator/3.8.6/resources/resources/3d/engine/editor/assets/default_renderpipeline/builtin-pipeline.ts.
13:15:16.450 debug: Resolve cce:/internal/code-quality/cr.mjs from file:///C:/ProgramData/cocos/editors/Creator/3.8.6/resources/resources/3d/engine/editor/assets/default_renderpipeline/builtin-pipeline-settings.ts as cce:/internal/code-quality/cr.mjs.
13:15:16.451 debug: Resolve cc from file:///C:/ProgramData/cocos/editors/Creator/3.8.6/resources/resources/3d/engine/editor/assets/default_renderpipeline/builtin-pipeline-settings.ts as cce:/internal/x/cc.
13:15:16.451 debug: Resolve cc from file:///C:/ProgramData/cocos/editors/Creator/3.8.6/resources/resources/3d/engine/editor/assets/default_renderpipeline/builtin-pipeline-settings.ts as cce:/internal/x/cc.
13:15:16.451 debug: Resolve cc from file:///C:/ProgramData/cocos/editors/Creator/3.8.6/resources/resources/3d/engine/editor/assets/default_renderpipeline/builtin-pipeline-settings.ts as cce:/internal/x/cc.
13:15:16.451 debug: Resolve cc/env from file:///C:/ProgramData/cocos/editors/Creator/3.8.6/resources/resources/3d/engine/editor/assets/default_renderpipeline/builtin-pipeline-settings.ts as external dependency cc/env.
13:15:16.457 debug: Resolve ./builtin-pipeline-types from file:///C:/ProgramData/cocos/editors/Creator/3.8.6/resources/resources/3d/engine/editor/assets/default_renderpipeline/builtin-pipeline-settings.ts as file:///C:/ProgramData/cocos/editors/Creator/3.8.6/resources/resources/3d/engine/editor/assets/default_renderpipeline/builtin-pipeline-types.ts.
13:15:16.457 debug: Resolve cc from file:///C:/ProgramData/cocos/editors/Creator/3.8.6/resources/resources/3d/engine/editor/assets/default_renderpipeline/builtin-pipeline-types.ts as cce:/internal/x/cc.
13:15:16.457 debug: Resolve cc from file:///C:/ProgramData/cocos/editors/Creator/3.8.6/resources/resources/3d/engine/editor/assets/default_renderpipeline/builtin-pipeline-types.ts as cce:/internal/x/cc.
13:15:16.457 debug: Resolve cc from file:///C:/ProgramData/cocos/editors/Creator/3.8.6/resources/resources/3d/engine/editor/assets/default_renderpipeline/builtin-pipeline-types.ts as cce:/internal/x/cc.
13:15:16.457 debug: Resolve cce:/internal/code-quality/cr.mjs from file:///C:/ProgramData/cocos/editors/Creator/3.8.6/resources/resources/3d/engine/editor/assets/default_renderpipeline/builtin-pipeline-pass.ts as cce:/internal/code-quality/cr.mjs.
13:15:16.458 debug: Resolve cc from file:///C:/ProgramData/cocos/editors/Creator/3.8.6/resources/resources/3d/engine/editor/assets/default_renderpipeline/builtin-pipeline-pass.ts as cce:/internal/x/cc.
13:15:16.458 debug: Resolve cc from file:///C:/ProgramData/cocos/editors/Creator/3.8.6/resources/resources/3d/engine/editor/assets/default_renderpipeline/builtin-pipeline-pass.ts as cce:/internal/x/cc.
13:15:16.458 debug: Resolve cc from file:///C:/ProgramData/cocos/editors/Creator/3.8.6/resources/resources/3d/engine/editor/assets/default_renderpipeline/builtin-pipeline-pass.ts as cce:/internal/x/cc.
13:15:16.459 debug: Resolve ./builtin-pipeline-settings from file:///C:/ProgramData/cocos/editors/Creator/3.8.6/resources/resources/3d/engine/editor/assets/default_renderpipeline/builtin-pipeline-pass.ts as file:///C:/ProgramData/cocos/editors/Creator/3.8.6/resources/resources/3d/engine/editor/assets/default_renderpipeline/builtin-pipeline-settings.ts.
13:15:16.460 debug: Resolve cc/env from file:///C:/ProgramData/cocos/editors/Creator/3.8.6/resources/resources/3d/engine/editor/assets/default_renderpipeline/builtin-pipeline-pass.ts as external dependency cc/env.
13:15:16.460 debug: Resolve cce:/internal/code-quality/cr.mjs from file:///C:/ProgramData/cocos/editors/Creator/3.8.6/resources/resources/3d/engine/editor/assets/default_renderpipeline/builtin-pipeline.ts as cce:/internal/code-quality/cr.mjs.
13:15:16.463 debug: Resolve cc from file:///C:/ProgramData/cocos/editors/Creator/3.8.6/resources/resources/3d/engine/editor/assets/default_renderpipeline/builtin-pipeline.ts as cce:/internal/x/cc.
13:15:16.463 debug: Resolve cc from file:///C:/ProgramData/cocos/editors/Creator/3.8.6/resources/resources/3d/engine/editor/assets/default_renderpipeline/builtin-pipeline.ts as cce:/internal/x/cc.
13:15:16.463 debug: Resolve cc from file:///C:/ProgramData/cocos/editors/Creator/3.8.6/resources/resources/3d/engine/editor/assets/default_renderpipeline/builtin-pipeline.ts as cce:/internal/x/cc.
13:15:16.463 debug: Resolve cc/env from file:///C:/ProgramData/cocos/editors/Creator/3.8.6/resources/resources/3d/engine/editor/assets/default_renderpipeline/builtin-pipeline.ts as external dependency cc/env.
13:15:16.466 debug: Resolve ./builtin-pipeline-types from file:///C:/ProgramData/cocos/editors/Creator/3.8.6/resources/resources/3d/engine/editor/assets/default_renderpipeline/builtin-pipeline.ts as file:///C:/ProgramData/cocos/editors/Creator/3.8.6/resources/resources/3d/engine/editor/assets/default_renderpipeline/builtin-pipeline-types.ts.
13:15:16.466 debug: Resolve cc from file:///C:/ProgramData/cocos/editors/Creator/3.8.6/resources/resources/3d/engine/editor/assets/tools/debug-view-runtime-control.ts as cce:/internal/x/cc.
13:15:16.466 debug: Resolve cc from file:///C:/ProgramData/cocos/editors/Creator/3.8.6/resources/resources/3d/engine/editor/assets/tools/debug-view-runtime-control.ts as cce:/internal/x/cc.
13:15:16.466 debug: Resolve cc from file:///C:/ProgramData/cocos/editors/Creator/3.8.6/resources/resources/3d/engine/editor/assets/tools/debug-view-runtime-control.ts as cce:/internal/x/cc.
13:15:16.466 debug: Resolve cc from file:///C:/Users/User/Documents/CocosGame/CoCos-Game-Login/login/assets/Script/hallClient.ts as cce:/internal/x/cc.
13:15:16.466 debug: Resolve cc from file:///C:/Users/User/Documents/CocosGame/CoCos-Game-Login/login/assets/Script/hallClient.ts as cce:/internal/x/cc.
13:15:16.466 debug: Resolve cc from file:///C:/Users/User/Documents/CocosGame/CoCos-Game-Login/login/assets/Script/hallClient.ts as cce:/internal/x/cc.
13:15:16.466 debug: Resolve cc from file:///C:/Users/User/Documents/CocosGame/CoCos-Game-Login/login/assets/Script/hallSceneMgr.ts as cce:/internal/x/cc.
13:15:16.467 debug: Resolve cc from file:///C:/Users/User/Documents/CocosGame/CoCos-Game-Login/login/assets/Script/hallSceneMgr.ts as cce:/internal/x/cc.
13:15:16.467 debug: Resolve cc from file:///C:/Users/User/Documents/CocosGame/CoCos-Game-Login/login/assets/Script/hallSceneMgr.ts as cce:/internal/x/cc.
13:15:16.467 debug: Resolve cc from file:///C:/Users/User/Documents/CocosGame/CoCos-Game-Login/login/assets/Script/loginClient.ts as cce:/internal/x/cc.
13:15:16.467 debug: Resolve cce:/internal/code-quality/cr.mjs from file:///C:/Users/User/Documents/CocosGame/CoCos-Game-Login/login/assets/Script/loginScearnMgr.ts as cce:/internal/code-quality/cr.mjs.
13:15:16.467 debug: Resolve cc from file:///C:/Users/User/Documents/CocosGame/CoCos-Game-Login/login/assets/Script/loginScearnMgr.ts as cce:/internal/x/cc.
13:15:16.467 debug: Resolve cc from file:///C:/Users/User/Documents/CocosGame/CoCos-Game-Login/login/assets/Script/loginScearnMgr.ts as cce:/internal/x/cc.
13:15:16.467 debug: Resolve cc from file:///C:/Users/User/Documents/CocosGame/CoCos-Game-Login/login/assets/Script/loginScearnMgr.ts as cce:/internal/x/cc.
13:15:16.468 debug: Resolve ./webSocket/WebSocketManager from file:///C:/Users/User/Documents/CocosGame/CoCos-Game-Login/login/assets/Script/loginScearnMgr.ts as file:///C:/Users/User/Documents/CocosGame/CoCos-Game-Login/login/assets/Script/webSocket/WebSocketManager.ts.
13:15:16.468 debug: Resolve cc from file:///C:/Users/User/Documents/CocosGame/CoCos-Game-Login/login/assets/Script/webSocket/WebSocketManager.ts as cce:/internal/x/cc.
13:15:16.468 debug: Resolve cc from file:///C:/Users/User/Documents/CocosGame/CoCos-Game-Login/login/assets/Script/webSocket/WebSocketManager.ts as cce:/internal/x/cc.
13:15:16.468 debug: Resolve cc from file:///C:/Users/User/Documents/CocosGame/CoCos-Game-Login/login/assets/Script/webSocket/WebSocketManager.ts as cce:/internal/x/cc.
13:15:16.469 debug: Resolve cc from file:///C:/Users/User/Documents/CocosGame/CoCos-Game-Login/login/assets/Script/main.ts as cce:/internal/x/cc.
13:15:16.469 debug: Resolve cce:/internal/code-quality/cr.mjs from file:///C:/Users/User/Documents/CocosGame/CoCos-Game-Login/login/assets/Script/signUp.ts as cce:/internal/code-quality/cr.mjs.
13:15:16.469 debug: Resolve cc from file:///C:/Users/User/Documents/CocosGame/CoCos-Game-Login/login/assets/Script/signUp.ts as cce:/internal/x/cc.
13:15:16.470 debug: Resolve cc from file:///C:/Users/User/Documents/CocosGame/CoCos-Game-Login/login/assets/Script/signUp.ts as cce:/internal/x/cc.
13:15:16.470 debug: Resolve cc from file:///C:/Users/User/Documents/CocosGame/CoCos-Game-Login/login/assets/Script/signUp.ts as cce:/internal/x/cc.
13:15:16.472 debug: Resolve ./webSocket/WebSocketManager from file:///C:/Users/User/Documents/CocosGame/CoCos-Game-Login/login/assets/Script/signUp.ts as file:///C:/Users/User/Documents/CocosGame/CoCos-Game-Login/login/assets/Script/webSocket/WebSocketManager.ts.
13:15:16.472 debug: Resolve cc from file:///C:/Users/User/Documents/CocosGame/CoCos-Game-Login/login/assets/Script/userInfo.ts as cce:/internal/x/cc.
13:15:16.472 debug: Resolve cc from file:///C:/Users/User/Documents/CocosGame/CoCos-Game-Login/login/assets/Script/userInfo.ts as cce:/internal/x/cc.
13:15:16.472 debug: Resolve cc from file:///C:/Users/User/Documents/CocosGame/CoCos-Game-Login/login/assets/Script/userInfo.ts as cce:/internal/x/cc.
13:15:16.473 debug: Resolve cc from file:///C:/Users/User/Documents/CocosGame/CoCos-Game-Login/login/assets/Script/webSocket/WebSocketUsageExample.ts as cce:/internal/x/cc.
13:15:16.473 debug: Resolve cc from file:///C:/Users/User/Documents/CocosGame/CoCos-Game-Login/login/assets/scripts/controllers/BombController.ts as cce:/internal/x/cc.
13:15:16.473 debug: Resolve cc from file:///C:/Users/User/Documents/CocosGame/CoCos-Game-Login/login/assets/scripts/controllers/BombController.ts as cce:/internal/x/cc.
13:15:16.473 debug: Resolve cc from file:///C:/Users/User/Documents/CocosGame/CoCos-Game-Login/login/assets/scripts/controllers/BombController.ts as cce:/internal/x/cc.
13:15:16.473 debug: Resolve cc from file:///C:/Users/User/Documents/CocosGame/CoCos-Game-Login/login/assets/scripts/controllers/BombExplosion.ts as cce:/internal/x/cc.
13:15:16.473 debug: Resolve cc from file:///C:/Users/User/Documents/CocosGame/CoCos-Game-Login/login/assets/scripts/controllers/BombExplosion.ts as cce:/internal/x/cc.
13:15:16.473 debug: Resolve cc from file:///C:/Users/User/Documents/CocosGame/CoCos-Game-Login/login/assets/scripts/controllers/BombExplosion.ts as cce:/internal/x/cc.
13:15:16.473 debug: Resolve cce:/internal/code-quality/cr.mjs from file:///C:/Users/User/Documents/CocosGame/CoCos-Game-Login/login/assets/scripts/controllers/CoinController.ts as cce:/internal/code-quality/cr.mjs.
13:15:16.473 debug: Resolve cc from file:///C:/Users/User/Documents/CocosGame/CoCos-Game-Login/login/assets/scripts/controllers/CoinController.ts as cce:/internal/x/cc.
13:15:16.473 debug: Resolve cc from file:///C:/Users/User/Documents/CocosGame/CoCos-Game-Login/login/assets/scripts/controllers/CoinController.ts as cce:/internal/x/cc.
13:15:16.473 debug: Resolve cc from file:///C:/Users/User/Documents/CocosGame/CoCos-Game-Login/login/assets/scripts/controllers/CoinController.ts as cce:/internal/x/cc.
13:15:16.474 debug: Resolve ../managers/ScoreManager from file:///C:/Users/User/Documents/CocosGame/CoCos-Game-Login/login/assets/scripts/controllers/CoinController.ts as file:///C:/Users/User/Documents/CocosGame/CoCos-Game-Login/login/assets/scripts/managers/ScoreManager.ts.
13:15:16.474 debug: Resolve cc from file:///C:/Users/User/Documents/CocosGame/CoCos-Game-Login/login/assets/scripts/managers/ScoreManager.ts as cce:/internal/x/cc.
13:15:16.475 debug: Resolve cc from file:///C:/Users/User/Documents/CocosGame/CoCos-Game-Login/login/assets/scripts/managers/ScoreManager.ts as cce:/internal/x/cc.
13:15:16.475 debug: Resolve cc from file:///C:/Users/User/Documents/CocosGame/CoCos-Game-Login/login/assets/scripts/managers/ScoreManager.ts as cce:/internal/x/cc.
13:15:16.475 debug: Resolve cce:/internal/code-quality/cr.mjs from file:///C:/Users/User/Documents/CocosGame/CoCos-Game-Login/login/assets/scripts/controllers/HazardController.ts as cce:/internal/code-quality/cr.mjs.
13:15:16.475 debug: Resolve cc from file:///C:/Users/User/Documents/CocosGame/CoCos-Game-Login/login/assets/scripts/controllers/HazardController.ts as cce:/internal/x/cc.
13:15:16.475 debug: Resolve cc from file:///C:/Users/User/Documents/CocosGame/CoCos-Game-Login/login/assets/scripts/controllers/HazardController.ts as cce:/internal/x/cc.
13:15:16.476 debug: Resolve cc from file:///C:/Users/User/Documents/CocosGame/CoCos-Game-Login/login/assets/scripts/controllers/HazardController.ts as cce:/internal/x/cc.
13:15:16.476 debug: Resolve ../managers/GameManager from file:///C:/Users/User/Documents/CocosGame/CoCos-Game-Login/login/assets/scripts/controllers/HazardController.ts as file:///C:/Users/User/Documents/CocosGame/CoCos-Game-Login/login/assets/scripts/managers/GameManager.ts.
13:15:16.476 debug: Resolve cc from file:///C:/Users/User/Documents/CocosGame/CoCos-Game-Login/login/assets/scripts/managers/GameManager.ts as cce:/internal/x/cc.
13:15:16.476 debug: Resolve cc from file:///C:/Users/User/Documents/CocosGame/CoCos-Game-Login/login/assets/scripts/managers/GameManager.ts as cce:/internal/x/cc.
13:15:16.477 debug: Resolve cc from file:///C:/Users/User/Documents/CocosGame/CoCos-Game-Login/login/assets/scripts/managers/GameManager.ts as cce:/internal/x/cc.
13:15:16.477 debug: Resolve cc from file:///C:/Users/User/Documents/CocosGame/CoCos-Game-Login/login/assets/scripts/controllers/JumperController.ts as cce:/internal/x/cc.
13:15:16.478 debug: Resolve cc from file:///C:/Users/User/Documents/CocosGame/CoCos-Game-Login/login/assets/scripts/controllers/JumperController.ts as cce:/internal/x/cc.
13:15:16.478 debug: Resolve cc from file:///C:/Users/User/Documents/CocosGame/CoCos-Game-Login/login/assets/scripts/controllers/JumperController.ts as cce:/internal/x/cc.
13:15:16.479 debug: Resolve cc from file:///C:/Users/User/Documents/CocosGame/CoCos-Game-Login/login/assets/scripts/controllers/LevelGoalController.ts as cce:/internal/x/cc.
13:15:16.479 debug: Resolve cc from file:///C:/Users/User/Documents/CocosGame/CoCos-Game-Login/login/assets/scripts/controllers/LevelGoalController.ts as cce:/internal/x/cc.
13:15:16.479 debug: Resolve cc from file:///C:/Users/User/Documents/CocosGame/CoCos-Game-Login/login/assets/scripts/controllers/LevelGoalController.ts as cce:/internal/x/cc.
13:15:16.479 debug: Resolve cc from file:///C:/Users/User/Documents/CocosGame/CoCos-Game-Login/login/assets/scripts/controllers/MainMenu.ts as cce:/internal/x/cc.
13:15:16.480 debug: Resolve cc from file:///C:/Users/User/Documents/CocosGame/CoCos-Game-Login/login/assets/scripts/controllers/MainMenu.ts as cce:/internal/x/cc.
13:15:16.480 debug: Resolve cc from file:///C:/Users/User/Documents/CocosGame/CoCos-Game-Login/login/assets/scripts/controllers/MainMenu.ts as cce:/internal/x/cc.
13:15:16.480 debug: Resolve cc from file:///C:/Users/User/Documents/CocosGame/CoCos-Game-Login/login/assets/scripts/controllers/PlayerController.ts as cce:/internal/x/cc.
13:15:16.480 debug: Resolve cc from file:///C:/Users/User/Documents/CocosGame/CoCos-Game-Login/login/assets/scripts/controllers/PlayerController.ts as cce:/internal/x/cc.
13:15:16.480 debug: Resolve cc from file:///C:/Users/User/Documents/CocosGame/CoCos-Game-Login/login/assets/scripts/controllers/PlayerController.ts as cce:/internal/x/cc.
13:15:16.480 debug: Resolve cce:/internal/code-quality/cr.mjs from file:///C:/Users/User/Documents/CocosGame/CoCos-Game-Login/login/assets/scripts/ui/GameOverUI.ts as cce:/internal/code-quality/cr.mjs.
13:15:16.480 debug: Resolve cc from file:///C:/Users/User/Documents/CocosGame/CoCos-Game-Login/login/assets/scripts/ui/GameOverUI.ts as cce:/internal/x/cc.
13:15:16.480 debug: Resolve cc from file:///C:/Users/User/Documents/CocosGame/CoCos-Game-Login/login/assets/scripts/ui/GameOverUI.ts as cce:/internal/x/cc.
13:15:16.480 debug: Resolve cc from file:///C:/Users/User/Documents/CocosGame/CoCos-Game-Login/login/assets/scripts/ui/GameOverUI.ts as cce:/internal/x/cc.
13:15:16.481 debug: Resolve ../managers/GameManager from file:///C:/Users/User/Documents/CocosGame/CoCos-Game-Login/login/assets/scripts/ui/GameOverUI.ts as file:///C:/Users/User/Documents/CocosGame/CoCos-Game-Login/login/assets/scripts/managers/GameManager.ts.
13:15:16.484 debug: Resolve ../managers/ScoreManager from file:///C:/Users/User/Documents/CocosGame/CoCos-Game-Login/login/assets/scripts/ui/GameOverUI.ts as file:///C:/Users/User/Documents/CocosGame/CoCos-Game-Login/login/assets/scripts/managers/ScoreManager.ts.
13:15:16.583 debug: Target(editor) ends with cost 507.3781000000017ms.
13:15:16.584 debug: Target(preview) build started.
13:15:16.596 debug: Detected change: cce:/internal/x/cc. Last mtime: Thu Jan 01 1970 05:30:17 GMT+0530 (India Standard Time), Current mtime: Thu Jan 01 1970 05:31:41 GMT+0530 (India Standard Time)
13:15:16.596 debug: Inspect cce:/internal/x/cc
13:15:16.685 debug: transform url: 'cce:/internal/x/cc' costs: 88.70 ms
13:15:16.692 debug: Resolve cce:/internal/x/cc-fu/2d from cce:/internal/x/cc as external dependency cce:/internal/x/cc-fu/2d.
13:15:16.693 debug: Resolve cce:/internal/x/cc-fu/sorting from cce:/internal/x/cc as external dependency cce:/internal/x/cc-fu/sorting.
13:15:16.693 debug: Resolve cce:/internal/x/cc-fu/affine-transform from cce:/internal/x/cc as external dependency cce:/internal/x/cc-fu/affine-transform.
13:15:16.693 debug: Resolve cce:/internal/x/cc-fu/animation from cce:/internal/x/cc as external dependency cce:/internal/x/cc-fu/animation.
13:15:16.693 debug: Resolve cce:/internal/x/cc-fu/audio from cce:/internal/x/cc as external dependency cce:/internal/x/cc-fu/audio.
13:15:16.693 debug: Resolve cce:/internal/x/cc-fu/base from cce:/internal/x/cc as external dependency cce:/internal/x/cc-fu/base.
13:15:16.693 debug: Resolve cce:/internal/x/cc-fu/custom-pipeline from cce:/internal/x/cc as external dependency cce:/internal/x/cc-fu/custom-pipeline.
13:15:16.693 debug: Resolve cce:/internal/x/cc-fu/dragon-bones from cce:/internal/x/cc as external dependency cce:/internal/x/cc-fu/dragon-bones.
13:15:16.693 debug: Resolve cce:/internal/x/cc-fu/gfx-webgl from cce:/internal/x/cc as external dependency cce:/internal/x/cc-fu/gfx-webgl.
13:15:16.693 debug: Resolve cce:/internal/x/cc-fu/gfx-webgl2 from cce:/internal/x/cc as external dependency cce:/internal/x/cc-fu/gfx-webgl2.
13:15:16.693 debug: Resolve cce:/internal/x/cc-fu/graphics from cce:/internal/x/cc as external dependency cce:/internal/x/cc-fu/graphics.
13:15:16.693 debug: Resolve cce:/internal/x/cc-fu/intersection-2d from cce:/internal/x/cc as external dependency cce:/internal/x/cc-fu/intersection-2d.
13:15:16.694 debug: Resolve cce:/internal/x/cc-fu/mask from cce:/internal/x/cc as external dependency cce:/internal/x/cc-fu/mask.
13:15:16.694 debug: Resolve cce:/internal/x/cc-fu/particle-2d from cce:/internal/x/cc as external dependency cce:/internal/x/cc-fu/particle-2d.
13:15:16.694 debug: Resolve cce:/internal/x/cc-fu/physics-2d-box2d from cce:/internal/x/cc as external dependency cce:/internal/x/cc-fu/physics-2d-box2d.
13:15:16.694 debug: Resolve cce:/internal/x/cc-fu/physics-2d-framework from cce:/internal/x/cc as external dependency cce:/internal/x/cc-fu/physics-2d-framework.
13:15:16.694 debug: Resolve cce:/internal/x/cc-fu/profiler from cce:/internal/x/cc as external dependency cce:/internal/x/cc-fu/profiler.
13:15:16.694 debug: Resolve cce:/internal/x/cc-fu/rich-text from cce:/internal/x/cc as external dependency cce:/internal/x/cc-fu/rich-text.
13:15:16.694 debug: Resolve cce:/internal/x/cc-fu/spine from cce:/internal/x/cc as external dependency cce:/internal/x/cc-fu/spine.
13:15:16.694 debug: Resolve cce:/internal/x/cc-fu/tiled-map from cce:/internal/x/cc as external dependency cce:/internal/x/cc-fu/tiled-map.
13:15:16.694 debug: Resolve cce:/internal/x/cc-fu/tween from cce:/internal/x/cc as external dependency cce:/internal/x/cc-fu/tween.
13:15:16.694 debug: Resolve cce:/internal/x/cc-fu/ui from cce:/internal/x/cc as external dependency cce:/internal/x/cc-fu/ui.
13:15:16.694 debug: Resolve cce:/internal/x/cc-fu/video from cce:/internal/x/cc as external dependency cce:/internal/x/cc-fu/video.
13:15:16.694 debug: Resolve cce:/internal/x/cc-fu/webview from cce:/internal/x/cc as external dependency cce:/internal/x/cc-fu/webview.
13:15:16.694 debug: Detected change: cce:/internal/x/prerequisite-imports. Last mtime: Fri Jan 02 1970 00:39:46 GMT+0530 (India Standard Time), Current mtime: Thu Jan 01 1970 05:31:42 GMT+0530 (India Standard Time)
13:15:16.694 debug: Inspect cce:/internal/x/prerequisite-imports
13:15:16.747 debug: transform url: 'cce:/internal/x/prerequisite-imports' costs: 52.40 ms
13:15:16.780 debug: Resolve file:///C:/ProgramData/cocos/editors/Creator/3.8.6/resources/resources/3d/engine/editor/assets/default_renderpipeline/builtin-dof-pass.ts from cce:/internal/x/prerequisite-imports as file:///C:/ProgramData/cocos/editors/Creator/3.8.6/resources/resources/3d/engine/editor/assets/default_renderpipeline/builtin-dof-pass.ts.
13:15:16.785 debug: Resolve file:///C:/ProgramData/cocos/editors/Creator/3.8.6/resources/resources/3d/engine/editor/assets/default_renderpipeline/builtin-pipeline-pass.ts from cce:/internal/x/prerequisite-imports as file:///C:/ProgramData/cocos/editors/Creator/3.8.6/resources/resources/3d/engine/editor/assets/default_renderpipeline/builtin-pipeline-pass.ts.
13:15:16.788 debug: Resolve file:///C:/ProgramData/cocos/editors/Creator/3.8.6/resources/resources/3d/engine/editor/assets/default_renderpipeline/builtin-pipeline-settings.ts from cce:/internal/x/prerequisite-imports as file:///C:/ProgramData/cocos/editors/Creator/3.8.6/resources/resources/3d/engine/editor/assets/default_renderpipeline/builtin-pipeline-settings.ts.
13:15:16.791 debug: Resolve file:///C:/ProgramData/cocos/editors/Creator/3.8.6/resources/resources/3d/engine/editor/assets/default_renderpipeline/builtin-pipeline-types.ts from cce:/internal/x/prerequisite-imports as file:///C:/ProgramData/cocos/editors/Creator/3.8.6/resources/resources/3d/engine/editor/assets/default_renderpipeline/builtin-pipeline-types.ts.
13:15:16.794 debug: Resolve file:///C:/ProgramData/cocos/editors/Creator/3.8.6/resources/resources/3d/engine/editor/assets/default_renderpipeline/builtin-pipeline.ts from cce:/internal/x/prerequisite-imports as file:///C:/ProgramData/cocos/editors/Creator/3.8.6/resources/resources/3d/engine/editor/assets/default_renderpipeline/builtin-pipeline.ts.
13:15:16.797 debug: Resolve file:///C:/ProgramData/cocos/editors/Creator/3.8.6/resources/resources/3d/engine/editor/assets/tools/debug-view-runtime-control.ts from cce:/internal/x/prerequisite-imports as file:///C:/ProgramData/cocos/editors/Creator/3.8.6/resources/resources/3d/engine/editor/assets/tools/debug-view-runtime-control.ts.
13:15:16.801 debug: Resolve file:///C:/Users/User/Documents/CocosGame/CoCos-Game-Login/login/assets/Script/hallClient.ts from cce:/internal/x/prerequisite-imports as file:///C:/Users/User/Documents/CocosGame/CoCos-Game-Login/login/assets/Script/hallClient.ts.
13:15:16.802 debug: Resolve file:///C:/Users/User/Documents/CocosGame/CoCos-Game-Login/login/assets/Script/hallSceneMgr.ts from cce:/internal/x/prerequisite-imports as file:///C:/Users/User/Documents/CocosGame/CoCos-Game-Login/login/assets/Script/hallSceneMgr.ts.
13:15:16.810 debug: Resolve file:///C:/Users/User/Documents/CocosGame/CoCos-Game-Login/login/assets/Script/loginClient.ts from cce:/internal/x/prerequisite-imports as file:///C:/Users/User/Documents/CocosGame/CoCos-Game-Login/login/assets/Script/loginClient.ts.
13:15:16.811 debug: Resolve file:///C:/Users/User/Documents/CocosGame/CoCos-Game-Login/login/assets/Script/loginScearnMgr.ts from cce:/internal/x/prerequisite-imports as file:///C:/Users/User/Documents/CocosGame/CoCos-Game-Login/login/assets/Script/loginScearnMgr.ts.
13:15:16.813 debug: Resolve file:///C:/Users/User/Documents/CocosGame/CoCos-Game-Login/login/assets/Script/main.ts from cce:/internal/x/prerequisite-imports as file:///C:/Users/User/Documents/CocosGame/CoCos-Game-Login/login/assets/Script/main.ts.
13:15:16.815 debug: Resolve file:///C:/Users/User/Documents/CocosGame/CoCos-Game-Login/login/assets/Script/signUp.ts from cce:/internal/x/prerequisite-imports as file:///C:/Users/User/Documents/CocosGame/CoCos-Game-Login/login/assets/Script/signUp.ts.
13:15:16.816 debug: Resolve file:///C:/Users/User/Documents/CocosGame/CoCos-Game-Login/login/assets/Script/userInfo.ts from cce:/internal/x/prerequisite-imports as file:///C:/Users/User/Documents/CocosGame/CoCos-Game-Login/login/assets/Script/userInfo.ts.
13:15:16.817 debug: Resolve file:///C:/Users/User/Documents/CocosGame/CoCos-Game-Login/login/assets/Script/webSocket/WebSocketManager.ts from cce:/internal/x/prerequisite-imports as file:///C:/Users/User/Documents/CocosGame/CoCos-Game-Login/login/assets/Script/webSocket/WebSocketManager.ts.
13:15:16.817 debug: Resolve file:///C:/Users/User/Documents/CocosGame/CoCos-Game-Login/login/assets/Script/webSocket/WebSocketUsageExample.ts from cce:/internal/x/prerequisite-imports as file:///C:/Users/User/Documents/CocosGame/CoCos-Game-Login/login/assets/Script/webSocket/WebSocketUsageExample.ts.
13:15:16.818 debug: Resolve file:///C:/Users/User/Documents/CocosGame/CoCos-Game-Login/login/assets/scripts/controllers/BombController.ts from cce:/internal/x/prerequisite-imports as file:///C:/Users/User/Documents/CocosGame/CoCos-Game-Login/login/assets/scripts/controllers/BombController.ts.
13:15:16.818 debug: Resolve file:///C:/Users/User/Documents/CocosGame/CoCos-Game-Login/login/assets/scripts/controllers/BombExplosion.ts from cce:/internal/x/prerequisite-imports as file:///C:/Users/User/Documents/CocosGame/CoCos-Game-Login/login/assets/scripts/controllers/BombExplosion.ts.
13:15:16.819 debug: Resolve file:///C:/Users/User/Documents/CocosGame/CoCos-Game-Login/login/assets/scripts/controllers/CoinController.ts from cce:/internal/x/prerequisite-imports as file:///C:/Users/User/Documents/CocosGame/CoCos-Game-Login/login/assets/scripts/controllers/CoinController.ts.
13:15:16.824 debug: Resolve file:///C:/Users/User/Documents/CocosGame/CoCos-Game-Login/login/assets/scripts/controllers/HazardController.ts from cce:/internal/x/prerequisite-imports as file:///C:/Users/User/Documents/CocosGame/CoCos-Game-Login/login/assets/scripts/controllers/HazardController.ts.
13:15:16.825 debug: Resolve file:///C:/Users/User/Documents/CocosGame/CoCos-Game-Login/login/assets/scripts/controllers/JumperController.ts from cce:/internal/x/prerequisite-imports as file:///C:/Users/User/Documents/CocosGame/CoCos-Game-Login/login/assets/scripts/controllers/JumperController.ts.
13:15:16.826 debug: Resolve file:///C:/Users/User/Documents/CocosGame/CoCos-Game-Login/login/assets/scripts/controllers/LevelGoalController.ts from cce:/internal/x/prerequisite-imports as file:///C:/Users/User/Documents/CocosGame/CoCos-Game-Login/login/assets/scripts/controllers/LevelGoalController.ts.
13:15:16.827 debug: Resolve file:///C:/Users/User/Documents/CocosGame/CoCos-Game-Login/login/assets/scripts/controllers/MainMenu.ts from cce:/internal/x/prerequisite-imports as file:///C:/Users/User/Documents/CocosGame/CoCos-Game-Login/login/assets/scripts/controllers/MainMenu.ts.
13:15:16.828 debug: Resolve file:///C:/Users/User/Documents/CocosGame/CoCos-Game-Login/login/assets/scripts/controllers/PlayerController.ts from cce:/internal/x/prerequisite-imports as file:///C:/Users/User/Documents/CocosGame/CoCos-Game-Login/login/assets/scripts/controllers/PlayerController.ts.
13:15:16.829 debug: Resolve file:///C:/Users/User/Documents/CocosGame/CoCos-Game-Login/login/assets/scripts/managers/GameManager.ts from cce:/internal/x/prerequisite-imports as file:///C:/Users/User/Documents/CocosGame/CoCos-Game-Login/login/assets/scripts/managers/GameManager.ts.
13:15:16.831 debug: Resolve file:///C:/Users/User/Documents/CocosGame/CoCos-Game-Login/login/assets/scripts/managers/ScoreManager.ts from cce:/internal/x/prerequisite-imports as file:///C:/Users/User/Documents/CocosGame/CoCos-Game-Login/login/assets/scripts/managers/ScoreManager.ts.
13:15:16.832 debug: Resolve file:///C:/Users/User/Documents/CocosGame/CoCos-Game-Login/login/assets/scripts/ui/GameOverUI.ts from cce:/internal/x/prerequisite-imports as file:///C:/Users/User/Documents/CocosGame/CoCos-Game-Login/login/assets/scripts/ui/GameOverUI.ts.
13:15:16.832 debug: Resolve cce:/internal/code-quality/cr.mjs from file:///C:/ProgramData/cocos/editors/Creator/3.8.6/resources/resources/3d/engine/editor/assets/default_renderpipeline/builtin-dof-pass.ts as cce:/internal/code-quality/cr.mjs.
13:15:16.833 debug: Detected change: cce:/internal/code-quality/cr.mjs. Last mtime: Wed Jul 16 2025 16:51:12 GMT+0530 (India Standard Time), Current mtime: Thu Jul 17 2025 13:13:34 GMT+0530 (India Standard Time)
13:15:16.833 debug: Inspect cce:/internal/code-quality/cr.mjs
13:15:16.878 debug: transform url: 'cce:/internal/code-quality/cr.mjs' costs: 45.60 ms
13:15:16.894 debug: Resolve cc from file:///C:/ProgramData/cocos/editors/Creator/3.8.6/resources/resources/3d/engine/editor/assets/default_renderpipeline/builtin-dof-pass.ts as cce:/internal/x/cc.
13:15:16.896 debug: Resolve cc from file:///C:/ProgramData/cocos/editors/Creator/3.8.6/resources/resources/3d/engine/editor/assets/default_renderpipeline/builtin-dof-pass.ts as cce:/internal/x/cc.
13:15:16.896 debug: Resolve cc from file:///C:/ProgramData/cocos/editors/Creator/3.8.6/resources/resources/3d/engine/editor/assets/default_renderpipeline/builtin-dof-pass.ts as cce:/internal/x/cc.
13:15:16.896 debug: Resolve cc/env from file:///C:/ProgramData/cocos/editors/Creator/3.8.6/resources/resources/3d/engine/editor/assets/default_renderpipeline/builtin-dof-pass.ts as external dependency cc/env.
13:15:16.897 debug: Resolve ./builtin-pipeline-settings from file:///C:/ProgramData/cocos/editors/Creator/3.8.6/resources/resources/3d/engine/editor/assets/default_renderpipeline/builtin-dof-pass.ts as file:///C:/ProgramData/cocos/editors/Creator/3.8.6/resources/resources/3d/engine/editor/assets/default_renderpipeline/builtin-pipeline-settings.ts.
13:15:16.900 debug: Resolve ./builtin-pipeline-pass from file:///C:/ProgramData/cocos/editors/Creator/3.8.6/resources/resources/3d/engine/editor/assets/default_renderpipeline/builtin-dof-pass.ts as file:///C:/ProgramData/cocos/editors/Creator/3.8.6/resources/resources/3d/engine/editor/assets/default_renderpipeline/builtin-pipeline-pass.ts.
13:15:16.911 debug: Resolve ./builtin-pipeline from file:///C:/ProgramData/cocos/editors/Creator/3.8.6/resources/resources/3d/engine/editor/assets/default_renderpipeline/builtin-dof-pass.ts as file:///C:/ProgramData/cocos/editors/Creator/3.8.6/resources/resources/3d/engine/editor/assets/default_renderpipeline/builtin-pipeline.ts.
13:15:16.915 debug: Resolve cce:/internal/code-quality/cr.mjs from file:///C:/ProgramData/cocos/editors/Creator/3.8.6/resources/resources/3d/engine/editor/assets/default_renderpipeline/builtin-pipeline-settings.ts as cce:/internal/code-quality/cr.mjs.
13:15:16.916 debug: Resolve cc from file:///C:/ProgramData/cocos/editors/Creator/3.8.6/resources/resources/3d/engine/editor/assets/default_renderpipeline/builtin-pipeline-settings.ts as cce:/internal/x/cc.
13:15:16.916 debug: Resolve cc from file:///C:/ProgramData/cocos/editors/Creator/3.8.6/resources/resources/3d/engine/editor/assets/default_renderpipeline/builtin-pipeline-settings.ts as cce:/internal/x/cc.
13:15:16.916 debug: Resolve cc from file:///C:/ProgramData/cocos/editors/Creator/3.8.6/resources/resources/3d/engine/editor/assets/default_renderpipeline/builtin-pipeline-settings.ts as cce:/internal/x/cc.
13:15:16.916 debug: Resolve cc/env from file:///C:/ProgramData/cocos/editors/Creator/3.8.6/resources/resources/3d/engine/editor/assets/default_renderpipeline/builtin-pipeline-settings.ts as external dependency cc/env.
13:15:16.917 debug: Resolve ./builtin-pipeline-types from file:///C:/ProgramData/cocos/editors/Creator/3.8.6/resources/resources/3d/engine/editor/assets/default_renderpipeline/builtin-pipeline-settings.ts as file:///C:/ProgramData/cocos/editors/Creator/3.8.6/resources/resources/3d/engine/editor/assets/default_renderpipeline/builtin-pipeline-types.ts.
13:15:16.917 debug: Resolve cc from file:///C:/ProgramData/cocos/editors/Creator/3.8.6/resources/resources/3d/engine/editor/assets/default_renderpipeline/builtin-pipeline-types.ts as cce:/internal/x/cc.
13:15:16.918 debug: Resolve cc from file:///C:/ProgramData/cocos/editors/Creator/3.8.6/resources/resources/3d/engine/editor/assets/default_renderpipeline/builtin-pipeline-types.ts as cce:/internal/x/cc.
13:15:16.918 debug: Resolve cc from file:///C:/ProgramData/cocos/editors/Creator/3.8.6/resources/resources/3d/engine/editor/assets/default_renderpipeline/builtin-pipeline-types.ts as cce:/internal/x/cc.
13:15:16.918 debug: Resolve cce:/internal/code-quality/cr.mjs from file:///C:/ProgramData/cocos/editors/Creator/3.8.6/resources/resources/3d/engine/editor/assets/default_renderpipeline/builtin-pipeline-pass.ts as cce:/internal/code-quality/cr.mjs.
13:15:16.918 debug: Resolve cc from file:///C:/ProgramData/cocos/editors/Creator/3.8.6/resources/resources/3d/engine/editor/assets/default_renderpipeline/builtin-pipeline-pass.ts as cce:/internal/x/cc.
13:15:16.918 debug: Resolve cc from file:///C:/ProgramData/cocos/editors/Creator/3.8.6/resources/resources/3d/engine/editor/assets/default_renderpipeline/builtin-pipeline-pass.ts as cce:/internal/x/cc.
13:15:16.918 debug: Resolve cc from file:///C:/ProgramData/cocos/editors/Creator/3.8.6/resources/resources/3d/engine/editor/assets/default_renderpipeline/builtin-pipeline-pass.ts as cce:/internal/x/cc.
13:15:16.921 debug: Resolve ./builtin-pipeline-settings from file:///C:/ProgramData/cocos/editors/Creator/3.8.6/resources/resources/3d/engine/editor/assets/default_renderpipeline/builtin-pipeline-pass.ts as file:///C:/ProgramData/cocos/editors/Creator/3.8.6/resources/resources/3d/engine/editor/assets/default_renderpipeline/builtin-pipeline-settings.ts.
13:15:16.921 debug: Resolve cc/env from file:///C:/ProgramData/cocos/editors/Creator/3.8.6/resources/resources/3d/engine/editor/assets/default_renderpipeline/builtin-pipeline-pass.ts as external dependency cc/env.
13:15:16.921 debug: Resolve cce:/internal/code-quality/cr.mjs from file:///C:/ProgramData/cocos/editors/Creator/3.8.6/resources/resources/3d/engine/editor/assets/default_renderpipeline/builtin-pipeline.ts as cce:/internal/code-quality/cr.mjs.
13:15:16.922 debug: Resolve cc from file:///C:/ProgramData/cocos/editors/Creator/3.8.6/resources/resources/3d/engine/editor/assets/default_renderpipeline/builtin-pipeline.ts as cce:/internal/x/cc.
13:15:16.922 debug: Resolve cc from file:///C:/ProgramData/cocos/editors/Creator/3.8.6/resources/resources/3d/engine/editor/assets/default_renderpipeline/builtin-pipeline.ts as cce:/internal/x/cc.
13:15:16.922 debug: Resolve cc from file:///C:/ProgramData/cocos/editors/Creator/3.8.6/resources/resources/3d/engine/editor/assets/default_renderpipeline/builtin-pipeline.ts as cce:/internal/x/cc.
13:15:16.922 debug: Resolve cc/env from file:///C:/ProgramData/cocos/editors/Creator/3.8.6/resources/resources/3d/engine/editor/assets/default_renderpipeline/builtin-pipeline.ts as external dependency cc/env.
13:15:16.923 debug: Resolve ./builtin-pipeline-types from file:///C:/ProgramData/cocos/editors/Creator/3.8.6/resources/resources/3d/engine/editor/assets/default_renderpipeline/builtin-pipeline.ts as file:///C:/ProgramData/cocos/editors/Creator/3.8.6/resources/resources/3d/engine/editor/assets/default_renderpipeline/builtin-pipeline-types.ts.
13:15:16.923 debug: Resolve cc from file:///C:/ProgramData/cocos/editors/Creator/3.8.6/resources/resources/3d/engine/editor/assets/tools/debug-view-runtime-control.ts as cce:/internal/x/cc.
13:15:16.923 debug: Resolve cc from file:///C:/ProgramData/cocos/editors/Creator/3.8.6/resources/resources/3d/engine/editor/assets/tools/debug-view-runtime-control.ts as cce:/internal/x/cc.
13:15:16.923 debug: Resolve cc from file:///C:/ProgramData/cocos/editors/Creator/3.8.6/resources/resources/3d/engine/editor/assets/tools/debug-view-runtime-control.ts as cce:/internal/x/cc.
13:15:16.928 debug: Resolve cc from file:///C:/Users/User/Documents/CocosGame/CoCos-Game-Login/login/assets/Script/hallClient.ts as cce:/internal/x/cc.
13:15:16.929 debug: Resolve cc from file:///C:/Users/User/Documents/CocosGame/CoCos-Game-Login/login/assets/Script/hallClient.ts as cce:/internal/x/cc.
13:15:16.929 debug: Resolve cc from file:///C:/Users/User/Documents/CocosGame/CoCos-Game-Login/login/assets/Script/hallClient.ts as cce:/internal/x/cc.
13:15:16.929 debug: Resolve cc from file:///C:/Users/User/Documents/CocosGame/CoCos-Game-Login/login/assets/Script/hallSceneMgr.ts as cce:/internal/x/cc.
13:15:16.929 debug: Resolve cc from file:///C:/Users/User/Documents/CocosGame/CoCos-Game-Login/login/assets/Script/hallSceneMgr.ts as cce:/internal/x/cc.
13:15:16.929 debug: Resolve cc from file:///C:/Users/User/Documents/CocosGame/CoCos-Game-Login/login/assets/Script/hallSceneMgr.ts as cce:/internal/x/cc.
13:15:16.929 debug: Resolve cc from file:///C:/Users/User/Documents/CocosGame/CoCos-Game-Login/login/assets/Script/loginClient.ts as cce:/internal/x/cc.
13:15:16.929 debug: Resolve cce:/internal/code-quality/cr.mjs from file:///C:/Users/User/Documents/CocosGame/CoCos-Game-Login/login/assets/Script/loginScearnMgr.ts as cce:/internal/code-quality/cr.mjs.
13:15:16.929 debug: Resolve cc from file:///C:/Users/User/Documents/CocosGame/CoCos-Game-Login/login/assets/Script/loginScearnMgr.ts as cce:/internal/x/cc.
13:15:16.929 debug: Resolve cc from file:///C:/Users/User/Documents/CocosGame/CoCos-Game-Login/login/assets/Script/loginScearnMgr.ts as cce:/internal/x/cc.
13:15:16.929 debug: Resolve cc from file:///C:/Users/User/Documents/CocosGame/CoCos-Game-Login/login/assets/Script/loginScearnMgr.ts as cce:/internal/x/cc.
13:15:16.935 debug: Resolve ./webSocket/WebSocketManager from file:///C:/Users/User/Documents/CocosGame/CoCos-Game-Login/login/assets/Script/loginScearnMgr.ts as file:///C:/Users/User/Documents/CocosGame/CoCos-Game-Login/login/assets/Script/webSocket/WebSocketManager.ts.
13:15:16.935 debug: Resolve cc from file:///C:/Users/User/Documents/CocosGame/CoCos-Game-Login/login/assets/Script/webSocket/WebSocketManager.ts as cce:/internal/x/cc.
13:15:16.935 debug: Resolve cc from file:///C:/Users/User/Documents/CocosGame/CoCos-Game-Login/login/assets/Script/webSocket/WebSocketManager.ts as cce:/internal/x/cc.
13:15:16.935 debug: Resolve cc from file:///C:/Users/User/Documents/CocosGame/CoCos-Game-Login/login/assets/Script/webSocket/WebSocketManager.ts as cce:/internal/x/cc.
13:15:16.935 debug: Resolve cc from file:///C:/Users/User/Documents/CocosGame/CoCos-Game-Login/login/assets/Script/main.ts as cce:/internal/x/cc.
13:15:16.936 debug: Resolve cce:/internal/code-quality/cr.mjs from file:///C:/Users/User/Documents/CocosGame/CoCos-Game-Login/login/assets/Script/signUp.ts as cce:/internal/code-quality/cr.mjs.
13:15:16.936 debug: Resolve cc from file:///C:/Users/User/Documents/CocosGame/CoCos-Game-Login/login/assets/Script/signUp.ts as cce:/internal/x/cc.
13:15:16.938 debug: Resolve cc from file:///C:/Users/User/Documents/CocosGame/CoCos-Game-Login/login/assets/Script/signUp.ts as cce:/internal/x/cc.
13:15:16.940 debug: Resolve cc from file:///C:/Users/User/Documents/CocosGame/CoCos-Game-Login/login/assets/Script/signUp.ts as cce:/internal/x/cc.
13:15:16.941 debug: Resolve ./webSocket/WebSocketManager from file:///C:/Users/User/Documents/CocosGame/CoCos-Game-Login/login/assets/Script/signUp.ts as file:///C:/Users/User/Documents/CocosGame/CoCos-Game-Login/login/assets/Script/webSocket/WebSocketManager.ts.
13:15:16.941 debug: Resolve cc from file:///C:/Users/User/Documents/CocosGame/CoCos-Game-Login/login/assets/Script/userInfo.ts as cce:/internal/x/cc.
13:15:16.942 debug: Resolve cc from file:///C:/Users/User/Documents/CocosGame/CoCos-Game-Login/login/assets/Script/userInfo.ts as cce:/internal/x/cc.
13:15:16.942 debug: Resolve cc from file:///C:/Users/User/Documents/CocosGame/CoCos-Game-Login/login/assets/Script/userInfo.ts as cce:/internal/x/cc.
13:15:16.942 debug: Resolve cc from file:///C:/Users/User/Documents/CocosGame/CoCos-Game-Login/login/assets/Script/webSocket/WebSocketUsageExample.ts as cce:/internal/x/cc.
13:15:16.942 debug: Resolve cc from file:///C:/Users/User/Documents/CocosGame/CoCos-Game-Login/login/assets/scripts/controllers/BombController.ts as cce:/internal/x/cc.
13:15:16.942 debug: Resolve cc from file:///C:/Users/User/Documents/CocosGame/CoCos-Game-Login/login/assets/scripts/controllers/BombController.ts as cce:/internal/x/cc.
13:15:16.942 debug: Resolve cc from file:///C:/Users/User/Documents/CocosGame/CoCos-Game-Login/login/assets/scripts/controllers/BombController.ts as cce:/internal/x/cc.
13:15:16.942 debug: Resolve cc from file:///C:/Users/User/Documents/CocosGame/CoCos-Game-Login/login/assets/scripts/controllers/BombExplosion.ts as cce:/internal/x/cc.
13:15:16.942 debug: Resolve cc from file:///C:/Users/User/Documents/CocosGame/CoCos-Game-Login/login/assets/scripts/controllers/BombExplosion.ts as cce:/internal/x/cc.
13:15:16.942 debug: Resolve cc from file:///C:/Users/User/Documents/CocosGame/CoCos-Game-Login/login/assets/scripts/controllers/BombExplosion.ts as cce:/internal/x/cc.
13:15:16.942 debug: Resolve cce:/internal/code-quality/cr.mjs from file:///C:/Users/User/Documents/CocosGame/CoCos-Game-Login/login/assets/scripts/controllers/CoinController.ts as cce:/internal/code-quality/cr.mjs.
13:15:16.942 debug: Resolve cc from file:///C:/Users/User/Documents/CocosGame/CoCos-Game-Login/login/assets/scripts/controllers/CoinController.ts as cce:/internal/x/cc.
13:15:16.942 debug: Resolve cc from file:///C:/Users/User/Documents/CocosGame/CoCos-Game-Login/login/assets/scripts/controllers/CoinController.ts as cce:/internal/x/cc.
13:15:16.943 debug: Resolve cc from file:///C:/Users/User/Documents/CocosGame/CoCos-Game-Login/login/assets/scripts/controllers/CoinController.ts as cce:/internal/x/cc.
13:15:16.944 debug: Resolve ../managers/ScoreManager from file:///C:/Users/User/Documents/CocosGame/CoCos-Game-Login/login/assets/scripts/controllers/CoinController.ts as file:///C:/Users/User/Documents/CocosGame/CoCos-Game-Login/login/assets/scripts/managers/ScoreManager.ts.
13:15:16.944 debug: Resolve cc from file:///C:/Users/User/Documents/CocosGame/CoCos-Game-Login/login/assets/scripts/managers/ScoreManager.ts as cce:/internal/x/cc.
13:15:16.945 debug: Resolve cc from file:///C:/Users/User/Documents/CocosGame/CoCos-Game-Login/login/assets/scripts/managers/ScoreManager.ts as cce:/internal/x/cc.
13:15:16.945 debug: Resolve cc from file:///C:/Users/User/Documents/CocosGame/CoCos-Game-Login/login/assets/scripts/managers/ScoreManager.ts as cce:/internal/x/cc.
13:15:16.945 debug: Resolve cce:/internal/code-quality/cr.mjs from file:///C:/Users/User/Documents/CocosGame/CoCos-Game-Login/login/assets/scripts/controllers/HazardController.ts as cce:/internal/code-quality/cr.mjs.
13:15:16.945 debug: Resolve cc from file:///C:/Users/User/Documents/CocosGame/CoCos-Game-Login/login/assets/scripts/controllers/HazardController.ts as cce:/internal/x/cc.
13:15:16.945 debug: Resolve cc from file:///C:/Users/User/Documents/CocosGame/CoCos-Game-Login/login/assets/scripts/controllers/HazardController.ts as cce:/internal/x/cc.
13:15:16.945 debug: Resolve cc from file:///C:/Users/User/Documents/CocosGame/CoCos-Game-Login/login/assets/scripts/controllers/HazardController.ts as cce:/internal/x/cc.
13:15:16.946 debug: Resolve ../managers/GameManager from file:///C:/Users/User/Documents/CocosGame/CoCos-Game-Login/login/assets/scripts/controllers/HazardController.ts as file:///C:/Users/User/Documents/CocosGame/CoCos-Game-Login/login/assets/scripts/managers/GameManager.ts.
13:15:16.946 debug: Resolve cc from file:///C:/Users/User/Documents/CocosGame/CoCos-Game-Login/login/assets/scripts/managers/GameManager.ts as cce:/internal/x/cc.
13:15:16.946 debug: Resolve cc from file:///C:/Users/User/Documents/CocosGame/CoCos-Game-Login/login/assets/scripts/managers/GameManager.ts as cce:/internal/x/cc.
13:15:16.946 debug: Resolve cc from file:///C:/Users/User/Documents/CocosGame/CoCos-Game-Login/login/assets/scripts/managers/GameManager.ts as cce:/internal/x/cc.
13:15:16.946 debug: Resolve cc from file:///C:/Users/User/Documents/CocosGame/CoCos-Game-Login/login/assets/scripts/controllers/JumperController.ts as cce:/internal/x/cc.
13:15:16.946 debug: Resolve cc from file:///C:/Users/User/Documents/CocosGame/CoCos-Game-Login/login/assets/scripts/controllers/JumperController.ts as cce:/internal/x/cc.
13:15:16.946 debug: Resolve cc from file:///C:/Users/User/Documents/CocosGame/CoCos-Game-Login/login/assets/scripts/controllers/JumperController.ts as cce:/internal/x/cc.
13:15:16.946 debug: Resolve cc from file:///C:/Users/User/Documents/CocosGame/CoCos-Game-Login/login/assets/scripts/controllers/LevelGoalController.ts as cce:/internal/x/cc.
13:15:16.946 debug: Resolve cc from file:///C:/Users/User/Documents/CocosGame/CoCos-Game-Login/login/assets/scripts/controllers/LevelGoalController.ts as cce:/internal/x/cc.
13:15:16.946 debug: Resolve cc from file:///C:/Users/User/Documents/CocosGame/CoCos-Game-Login/login/assets/scripts/controllers/LevelGoalController.ts as cce:/internal/x/cc.
13:15:16.947 debug: Resolve cc from file:///C:/Users/User/Documents/CocosGame/CoCos-Game-Login/login/assets/scripts/controllers/MainMenu.ts as cce:/internal/x/cc.
13:15:16.947 debug: Resolve cc from file:///C:/Users/User/Documents/CocosGame/CoCos-Game-Login/login/assets/scripts/controllers/MainMenu.ts as cce:/internal/x/cc.
13:15:16.947 debug: Resolve cc from file:///C:/Users/User/Documents/CocosGame/CoCos-Game-Login/login/assets/scripts/controllers/MainMenu.ts as cce:/internal/x/cc.
13:15:16.947 debug: Resolve cc from file:///C:/Users/User/Documents/CocosGame/CoCos-Game-Login/login/assets/scripts/controllers/PlayerController.ts as cce:/internal/x/cc.
13:15:16.947 debug: Resolve cc from file:///C:/Users/User/Documents/CocosGame/CoCos-Game-Login/login/assets/scripts/controllers/PlayerController.ts as cce:/internal/x/cc.
13:15:16.947 debug: Resolve cc from file:///C:/Users/User/Documents/CocosGame/CoCos-Game-Login/login/assets/scripts/controllers/PlayerController.ts as cce:/internal/x/cc.
13:15:16.947 debug: Resolve cce:/internal/code-quality/cr.mjs from file:///C:/Users/User/Documents/CocosGame/CoCos-Game-Login/login/assets/scripts/ui/GameOverUI.ts as cce:/internal/code-quality/cr.mjs.
13:15:16.947 debug: Resolve cc from file:///C:/Users/User/Documents/CocosGame/CoCos-Game-Login/login/assets/scripts/ui/GameOverUI.ts as cce:/internal/x/cc.
13:15:16.947 debug: Resolve cc from file:///C:/Users/User/Documents/CocosGame/CoCos-Game-Login/login/assets/scripts/ui/GameOverUI.ts as cce:/internal/x/cc.
13:15:16.947 debug: Resolve cc from file:///C:/Users/User/Documents/CocosGame/CoCos-Game-Login/login/assets/scripts/ui/GameOverUI.ts as cce:/internal/x/cc.
13:15:16.948 debug: Resolve ../managers/GameManager from file:///C:/Users/User/Documents/CocosGame/CoCos-Game-Login/login/assets/scripts/ui/GameOverUI.ts as file:///C:/Users/User/Documents/CocosGame/CoCos-Game-Login/login/assets/scripts/managers/GameManager.ts.
13:15:16.949 debug: Resolve ../managers/ScoreManager from file:///C:/Users/User/Documents/CocosGame/CoCos-Game-Login/login/assets/scripts/ui/GameOverUI.ts as file:///C:/Users/User/Documents/CocosGame/CoCos-Game-Login/login/assets/scripts/managers/ScoreManager.ts.
13:15:17.148 debug: Target(preview) ends with cost 563.6334000000061ms.
13:15:21.014 debug: Pulling asset-db.
13:15:22.652 debug: Fetch asset-db cost: 1637.0733000000037ms.
13:15:22.697 debug: Build iteration starts.
Number of accumulated asset changes: 26
Feature changed: false
13:15:22.699 debug: Target(editor) build started.
13:15:22.872 debug: Detected change: cce:/internal/x/prerequisite-imports. Last mtime: Thu Jan 01 1970 05:31:41 GMT+0530 (India Standard Time), Current mtime: Thu Jan 01 1970 05:31:48 GMT+0530 (India Standard Time)
13:15:22.872 debug: Inspect cce:/internal/x/prerequisite-imports
13:15:23.005 debug: transform url: 'cce:/internal/x/prerequisite-imports' costs: 132.90 ms
13:15:23.098 debug: Resolve file:///C:/ProgramData/cocos/editors/Creator/3.8.6/resources/resources/3d/engine/editor/assets/default_renderpipeline/builtin-dof-pass.ts from cce:/internal/x/prerequisite-imports as file:///C:/ProgramData/cocos/editors/Creator/3.8.6/resources/resources/3d/engine/editor/assets/default_renderpipeline/builtin-dof-pass.ts.
13:15:23.100 debug: Resolve file:///C:/ProgramData/cocos/editors/Creator/3.8.6/resources/resources/3d/engine/editor/assets/default_renderpipeline/builtin-pipeline-pass.ts from cce:/internal/x/prerequisite-imports as file:///C:/ProgramData/cocos/editors/Creator/3.8.6/resources/resources/3d/engine/editor/assets/default_renderpipeline/builtin-pipeline-pass.ts.
13:15:23.102 debug: Resolve file:///C:/ProgramData/cocos/editors/Creator/3.8.6/resources/resources/3d/engine/editor/assets/default_renderpipeline/builtin-pipeline-settings.ts from cce:/internal/x/prerequisite-imports as file:///C:/ProgramData/cocos/editors/Creator/3.8.6/resources/resources/3d/engine/editor/assets/default_renderpipeline/builtin-pipeline-settings.ts.
13:15:23.103 debug: Resolve file:///C:/ProgramData/cocos/editors/Creator/3.8.6/resources/resources/3d/engine/editor/assets/default_renderpipeline/builtin-pipeline-types.ts from cce:/internal/x/prerequisite-imports as file:///C:/ProgramData/cocos/editors/Creator/3.8.6/resources/resources/3d/engine/editor/assets/default_renderpipeline/builtin-pipeline-types.ts.
13:15:23.104 debug: Resolve file:///C:/ProgramData/cocos/editors/Creator/3.8.6/resources/resources/3d/engine/editor/assets/default_renderpipeline/builtin-pipeline.ts from cce:/internal/x/prerequisite-imports as file:///C:/ProgramData/cocos/editors/Creator/3.8.6/resources/resources/3d/engine/editor/assets/default_renderpipeline/builtin-pipeline.ts.
13:15:23.106 debug: Resolve file:///C:/ProgramData/cocos/editors/Creator/3.8.6/resources/resources/3d/engine/editor/assets/tools/debug-view-runtime-control.ts from cce:/internal/x/prerequisite-imports as file:///C:/ProgramData/cocos/editors/Creator/3.8.6/resources/resources/3d/engine/editor/assets/tools/debug-view-runtime-control.ts.
13:15:23.107 debug: Resolve file:///C:/Users/User/Documents/CocosGame/CoCos-Game-Login/login/assets/Script/hallClient.ts from cce:/internal/x/prerequisite-imports as file:///C:/Users/User/Documents/CocosGame/CoCos-Game-Login/login/assets/Script/hallClient.ts.
13:15:23.111 debug: Resolve file:///C:/Users/User/Documents/CocosGame/CoCos-Game-Login/login/assets/Script/hallSceneMgr.ts from cce:/internal/x/prerequisite-imports as file:///C:/Users/User/Documents/CocosGame/CoCos-Game-Login/login/assets/Script/hallSceneMgr.ts.
13:15:23.113 debug: Resolve file:///C:/Users/User/Documents/CocosGame/CoCos-Game-Login/login/assets/Script/loginClient.ts from cce:/internal/x/prerequisite-imports as file:///C:/Users/User/Documents/CocosGame/CoCos-Game-Login/login/assets/Script/loginClient.ts.
13:15:23.117 debug: Resolve file:///C:/Users/User/Documents/CocosGame/CoCos-Game-Login/login/assets/Script/loginScearnMgr.ts from cce:/internal/x/prerequisite-imports as file:///C:/Users/User/Documents/CocosGame/CoCos-Game-Login/login/assets/Script/loginScearnMgr.ts.
13:15:23.118 debug: Resolve file:///C:/Users/User/Documents/CocosGame/CoCos-Game-Login/login/assets/Script/main.ts from cce:/internal/x/prerequisite-imports as file:///C:/Users/User/Documents/CocosGame/CoCos-Game-Login/login/assets/Script/main.ts.
13:15:23.118 debug: Resolve file:///C:/Users/User/Documents/CocosGame/CoCos-Game-Login/login/assets/Script/signUp.ts from cce:/internal/x/prerequisite-imports as file:///C:/Users/User/Documents/CocosGame/CoCos-Game-Login/login/assets/Script/signUp.ts.
13:15:23.119 debug: Resolve file:///C:/Users/User/Documents/CocosGame/CoCos-Game-Login/login/assets/Script/userInfo.ts from cce:/internal/x/prerequisite-imports as file:///C:/Users/User/Documents/CocosGame/CoCos-Game-Login/login/assets/Script/userInfo.ts.
13:15:23.124 debug: Resolve file:///C:/Users/User/Documents/CocosGame/CoCos-Game-Login/login/assets/Script/webSocket/WebSocketManager.ts from cce:/internal/x/prerequisite-imports as file:///C:/Users/User/Documents/CocosGame/CoCos-Game-Login/login/assets/Script/webSocket/WebSocketManager.ts.
13:15:23.131 debug: Resolve file:///C:/Users/User/Documents/CocosGame/CoCos-Game-Login/login/assets/Script/webSocket/WebSocketUsageExample.ts from cce:/internal/x/prerequisite-imports as file:///C:/Users/User/Documents/CocosGame/CoCos-Game-Login/login/assets/Script/webSocket/WebSocketUsageExample.ts.
13:15:23.132 debug: Resolve file:///C:/Users/User/Documents/CocosGame/CoCos-Game-Login/login/assets/scripts/controllers/BombController.ts from cce:/internal/x/prerequisite-imports as file:///C:/Users/User/Documents/CocosGame/CoCos-Game-Login/login/assets/scripts/controllers/BombController.ts.
13:15:23.134 debug: Resolve file:///C:/Users/User/Documents/CocosGame/CoCos-Game-Login/login/assets/scripts/controllers/BombExplosion.ts from cce:/internal/x/prerequisite-imports as file:///C:/Users/User/Documents/CocosGame/CoCos-Game-Login/login/assets/scripts/controllers/BombExplosion.ts.
13:15:23.135 debug: Resolve file:///C:/Users/User/Documents/CocosGame/CoCos-Game-Login/login/assets/scripts/controllers/CoinController.ts from cce:/internal/x/prerequisite-imports as file:///C:/Users/User/Documents/CocosGame/CoCos-Game-Login/login/assets/scripts/controllers/CoinController.ts.
13:15:23.136 debug: Resolve file:///C:/Users/User/Documents/CocosGame/CoCos-Game-Login/login/assets/scripts/controllers/HazardController.ts from cce:/internal/x/prerequisite-imports as file:///C:/Users/User/Documents/CocosGame/CoCos-Game-Login/login/assets/scripts/controllers/HazardController.ts.
13:15:23.137 debug: Resolve file:///C:/Users/User/Documents/CocosGame/CoCos-Game-Login/login/assets/scripts/controllers/JumperController.ts from cce:/internal/x/prerequisite-imports as file:///C:/Users/User/Documents/CocosGame/CoCos-Game-Login/login/assets/scripts/controllers/JumperController.ts.
13:15:23.139 debug: Resolve file:///C:/Users/User/Documents/CocosGame/CoCos-Game-Login/login/assets/scripts/controllers/LevelGoalController.ts from cce:/internal/x/prerequisite-imports as file:///C:/Users/User/Documents/CocosGame/CoCos-Game-Login/login/assets/scripts/controllers/LevelGoalController.ts.
13:15:23.140 debug: Resolve file:///C:/Users/User/Documents/CocosGame/CoCos-Game-Login/login/assets/scripts/controllers/MainMenu.ts from cce:/internal/x/prerequisite-imports as file:///C:/Users/User/Documents/CocosGame/CoCos-Game-Login/login/assets/scripts/controllers/MainMenu.ts.
13:15:23.148 debug: Resolve file:///C:/Users/User/Documents/CocosGame/CoCos-Game-Login/login/assets/scripts/controllers/PlayerController.ts from cce:/internal/x/prerequisite-imports as file:///C:/Users/User/Documents/CocosGame/CoCos-Game-Login/login/assets/scripts/controllers/PlayerController.ts.
13:15:23.982 debug: Resolve file:///C:/Users/User/Documents/CocosGame/CoCos-Game-Login/login/assets/scripts/managers/GameManager.ts from cce:/internal/x/prerequisite-imports as file:///C:/Users/User/Documents/CocosGame/CoCos-Game-Login/login/assets/scripts/managers/GameManager.ts.
13:15:23.991 debug: Resolve file:///C:/Users/User/Documents/CocosGame/CoCos-Game-Login/login/assets/scripts/managers/ScoreManager.ts from cce:/internal/x/prerequisite-imports as file:///C:/Users/User/Documents/CocosGame/CoCos-Game-Login/login/assets/scripts/managers/ScoreManager.ts.
13:15:23.997 debug: Resolve file:///C:/Users/User/Documents/CocosGame/CoCos-Game-Login/login/assets/scripts/ui/GameOverUI.ts from cce:/internal/x/prerequisite-imports as file:///C:/Users/User/Documents/CocosGame/CoCos-Game-Login/login/assets/scripts/ui/GameOverUI.ts.
13:15:25.122 debug: Target(editor) ends with cost 2422.2589000000007ms.
13:15:25.123 debug: Target(preview) build started.
13:15:27.539 debug: Detected change: cce:/internal/x/prerequisite-imports. Last mtime: Thu Jan 01 1970 05:31:42 GMT+0530 (India Standard Time), Current mtime: Thu Jan 01 1970 05:31:50 GMT+0530 (India Standard Time)
13:15:27.539 debug: Inspect cce:/internal/x/prerequisite-imports
13:15:28.554 debug: transform url: 'cce:/internal/x/prerequisite-imports' costs: 1015.00 ms
13:15:29.262 debug: Resolve file:///C:/ProgramData/cocos/editors/Creator/3.8.6/resources/resources/3d/engine/editor/assets/default_renderpipeline/builtin-dof-pass.ts from cce:/internal/x/prerequisite-imports as file:///C:/ProgramData/cocos/editors/Creator/3.8.6/resources/resources/3d/engine/editor/assets/default_renderpipeline/builtin-dof-pass.ts.
13:15:29.265 debug: Resolve file:///C:/ProgramData/cocos/editors/Creator/3.8.6/resources/resources/3d/engine/editor/assets/default_renderpipeline/builtin-pipeline-pass.ts from cce:/internal/x/prerequisite-imports as file:///C:/ProgramData/cocos/editors/Creator/3.8.6/resources/resources/3d/engine/editor/assets/default_renderpipeline/builtin-pipeline-pass.ts.
13:15:29.269 debug: Resolve file:///C:/ProgramData/cocos/editors/Creator/3.8.6/resources/resources/3d/engine/editor/assets/default_renderpipeline/builtin-pipeline-settings.ts from cce:/internal/x/prerequisite-imports as file:///C:/ProgramData/cocos/editors/Creator/3.8.6/resources/resources/3d/engine/editor/assets/default_renderpipeline/builtin-pipeline-settings.ts.
13:15:29.270 debug: Resolve file:///C:/ProgramData/cocos/editors/Creator/3.8.6/resources/resources/3d/engine/editor/assets/default_renderpipeline/builtin-pipeline-types.ts from cce:/internal/x/prerequisite-imports as file:///C:/ProgramData/cocos/editors/Creator/3.8.6/resources/resources/3d/engine/editor/assets/default_renderpipeline/builtin-pipeline-types.ts.
13:15:29.274 debug: Resolve file:///C:/ProgramData/cocos/editors/Creator/3.8.6/resources/resources/3d/engine/editor/assets/default_renderpipeline/builtin-pipeline.ts from cce:/internal/x/prerequisite-imports as file:///C:/ProgramData/cocos/editors/Creator/3.8.6/resources/resources/3d/engine/editor/assets/default_renderpipeline/builtin-pipeline.ts.
13:15:29.275 debug: Resolve file:///C:/ProgramData/cocos/editors/Creator/3.8.6/resources/resources/3d/engine/editor/assets/tools/debug-view-runtime-control.ts from cce:/internal/x/prerequisite-imports as file:///C:/ProgramData/cocos/editors/Creator/3.8.6/resources/resources/3d/engine/editor/assets/tools/debug-view-runtime-control.ts.
13:15:29.277 debug: Resolve file:///C:/Users/User/Documents/CocosGame/CoCos-Game-Login/login/assets/Script/hallClient.ts from cce:/internal/x/prerequisite-imports as file:///C:/Users/User/Documents/CocosGame/CoCos-Game-Login/login/assets/Script/hallClient.ts.
13:15:29.278 debug: Resolve file:///C:/Users/User/Documents/CocosGame/CoCos-Game-Login/login/assets/Script/hallSceneMgr.ts from cce:/internal/x/prerequisite-imports as file:///C:/Users/User/Documents/CocosGame/CoCos-Game-Login/login/assets/Script/hallSceneMgr.ts.
13:15:29.279 debug: Resolve file:///C:/Users/User/Documents/CocosGame/CoCos-Game-Login/login/assets/Script/loginClient.ts from cce:/internal/x/prerequisite-imports as file:///C:/Users/User/Documents/CocosGame/CoCos-Game-Login/login/assets/Script/loginClient.ts.
13:15:29.285 debug: Resolve file:///C:/Users/User/Documents/CocosGame/CoCos-Game-Login/login/assets/Script/loginScearnMgr.ts from cce:/internal/x/prerequisite-imports as file:///C:/Users/User/Documents/CocosGame/CoCos-Game-Login/login/assets/Script/loginScearnMgr.ts.
13:15:29.676 debug: Resolve file:///C:/Users/User/Documents/CocosGame/CoCos-Game-Login/login/assets/Script/main.ts from cce:/internal/x/prerequisite-imports as file:///C:/Users/User/Documents/CocosGame/CoCos-Game-Login/login/assets/Script/main.ts.
13:15:29.712 debug: Resolve file:///C:/Users/User/Documents/CocosGame/CoCos-Game-Login/login/assets/Script/signUp.ts from cce:/internal/x/prerequisite-imports as file:///C:/Users/User/Documents/CocosGame/CoCos-Game-Login/login/assets/Script/signUp.ts.
13:15:29.720 debug: Resolve file:///C:/Users/User/Documents/CocosGame/CoCos-Game-Login/login/assets/Script/userInfo.ts from cce:/internal/x/prerequisite-imports as file:///C:/Users/User/Documents/CocosGame/CoCos-Game-Login/login/assets/Script/userInfo.ts.
13:15:29.724 debug: Resolve file:///C:/Users/User/Documents/CocosGame/CoCos-Game-Login/login/assets/Script/webSocket/WebSocketManager.ts from cce:/internal/x/prerequisite-imports as file:///C:/Users/User/Documents/CocosGame/CoCos-Game-Login/login/assets/Script/webSocket/WebSocketManager.ts.
13:15:29.729 debug: Resolve file:///C:/Users/User/Documents/CocosGame/CoCos-Game-Login/login/assets/Script/webSocket/WebSocketUsageExample.ts from cce:/internal/x/prerequisite-imports as file:///C:/Users/User/Documents/CocosGame/CoCos-Game-Login/login/assets/Script/webSocket/WebSocketUsageExample.ts.
13:15:30.112 debug: Resolve file:///C:/Users/User/Documents/CocosGame/CoCos-Game-Login/login/assets/scripts/controllers/BombController.ts from cce:/internal/x/prerequisite-imports as file:///C:/Users/User/Documents/CocosGame/CoCos-Game-Login/login/assets/scripts/controllers/BombController.ts.
13:15:30.115 debug: Resolve file:///C:/Users/User/Documents/CocosGame/CoCos-Game-Login/login/assets/scripts/controllers/BombExplosion.ts from cce:/internal/x/prerequisite-imports as file:///C:/Users/User/Documents/CocosGame/CoCos-Game-Login/login/assets/scripts/controllers/BombExplosion.ts.
13:15:30.118 debug: Resolve file:///C:/Users/User/Documents/CocosGame/CoCos-Game-Login/login/assets/scripts/controllers/CoinController.ts from cce:/internal/x/prerequisite-imports as file:///C:/Users/User/Documents/CocosGame/CoCos-Game-Login/login/assets/scripts/controllers/CoinController.ts.
13:15:30.123 debug: Resolve file:///C:/Users/User/Documents/CocosGame/CoCos-Game-Login/login/assets/scripts/controllers/HazardController.ts from cce:/internal/x/prerequisite-imports as file:///C:/Users/User/Documents/CocosGame/CoCos-Game-Login/login/assets/scripts/controllers/HazardController.ts.
13:15:30.126 debug: Resolve file:///C:/Users/User/Documents/CocosGame/CoCos-Game-Login/login/assets/scripts/controllers/JumperController.ts from cce:/internal/x/prerequisite-imports as file:///C:/Users/User/Documents/CocosGame/CoCos-Game-Login/login/assets/scripts/controllers/JumperController.ts.
13:15:30.128 debug: Resolve file:///C:/Users/User/Documents/CocosGame/CoCos-Game-Login/login/assets/scripts/controllers/LevelGoalController.ts from cce:/internal/x/prerequisite-imports as file:///C:/Users/User/Documents/CocosGame/CoCos-Game-Login/login/assets/scripts/controllers/LevelGoalController.ts.
13:15:30.133 debug: Resolve file:///C:/Users/User/Documents/CocosGame/CoCos-Game-Login/login/assets/scripts/controllers/MainMenu.ts from cce:/internal/x/prerequisite-imports as file:///C:/Users/User/Documents/CocosGame/CoCos-Game-Login/login/assets/scripts/controllers/MainMenu.ts.
13:15:30.135 debug: Resolve file:///C:/Users/User/Documents/CocosGame/CoCos-Game-Login/login/assets/scripts/controllers/PlayerController.ts from cce:/internal/x/prerequisite-imports as file:///C:/Users/User/Documents/CocosGame/CoCos-Game-Login/login/assets/scripts/controllers/PlayerController.ts.
13:15:30.136 debug: Resolve file:///C:/Users/User/Documents/CocosGame/CoCos-Game-Login/login/assets/scripts/managers/GameManager.ts from cce:/internal/x/prerequisite-imports as file:///C:/Users/User/Documents/CocosGame/CoCos-Game-Login/login/assets/scripts/managers/GameManager.ts.
13:15:30.138 debug: Resolve file:///C:/Users/User/Documents/CocosGame/CoCos-Game-Login/login/assets/scripts/managers/ScoreManager.ts from cce:/internal/x/prerequisite-imports as file:///C:/Users/User/Documents/CocosGame/CoCos-Game-Login/login/assets/scripts/managers/ScoreManager.ts.
13:15:30.140 debug: Resolve file:///C:/Users/User/Documents/CocosGame/CoCos-Game-Login/login/assets/scripts/ui/GameOverUI.ts from cce:/internal/x/prerequisite-imports as file:///C:/Users/User/Documents/CocosGame/CoCos-Game-Login/login/assets/scripts/ui/GameOverUI.ts.
13:15:31.414 debug: Target(preview) ends with cost 6290.62999999999ms.
